[0.011s] Invoking command in '/home/raianlaptop/cv5551-s26-team-dcml/build/zed_debug': AMENT_PREFIX_PATH=/home/raianlaptop/cv5551-s26-team-dcml/install/zed_components:${AMENT_PREFIX_PATH} CMAKE_PREFIX_PATH=/home/raianlaptop/cv5551-s26-team-dcml/install/zed_components:/opt/ros/humble LD_LIBRARY_PATH=/home/raianlaptop/cv5551-s26-team-dcml/install/zed_components/lib:/usr/lib/x86_64-linux-gnu/gazebo-11/plugins:/opt/ros/humble/opt/rviz_ogre_vendor/lib:/opt/ros/humble/lib/x86_64-linux-gnu:/opt/ros/humble/lib:/usr/lib/x86_64-linux-gnu/gazebo-11/plugins /usr/bin/cmake /home/raianlaptop/cv5551-s26-team-dcml/src/zed-ros2-wrapper/zed_debug -DAMENT_CMAKE_SYMLINK_INSTALL=1 -DCMAKE_INSTALL_PREFIX=/home/raianlaptop/cv5551-s26-team-dcml/install/zed_debug
[0.064s] -- The C compiler identification is GNU 11.4.0
[0.114s] -- The CXX compiler identification is GNU 11.4.0
[0.119s] -- Detecting C compiler ABI info
[0.177s] -- Detecting C compiler ABI info - done
[0.184s] -- Check for working C compiler: /usr/bin/cc - skipped
[0.185s] -- Detecting C compile features
[0.185s] -- Detecting C compile features - done
[0.187s] -- Detecting CXX compiler ABI info
[0.262s] -- Detecting CXX compiler ABI info - done
[0.268s] -- Check for working CXX compiler: /usr/bin/c++ - skipped
[0.268s] -- Detecting CXX compile features
[0.269s] -- Detecting CXX compile features - done
[0.274s] -- Looking for sgemm_
[0.333s] -- Looking for sgemm_ - not found
[0.334s] -- Looking for pthread.h
[0.459s] -- Looking for pthread.h - found
[0.459s] -- Performing Test CMAKE_HAVE_LIBC_PTHREAD
[0.520s] -- Performing Test CMAKE_HAVE_LIBC_PTHREAD - Success
[0.520s] -- Found Threads: TRUE  
[0.540s] -- Looking for sgemm_
[0.623s] -- Looking for sgemm_ - found
[0.623s] -- Found BLAS: /usr/lib/x86_64-linux-gnu/libopenblas.so  
[0.644s] -- Found CUDA: /usr/local/cuda (found suitable version "13.0", minimum required is "13") 
[0.689s] -- Found CUDA: /usr/local/cuda (found version "13.0") 
[0.691s] -- Found ament_cmake_auto: 1.3.13 (/opt/ros/humble/share/ament_cmake_auto/cmake)
[1.001s] -- Found Python3: /usr/bin/python3 (found version "3.10.12") found components: Interpreter 
[1.045s] -- Override CMake install command with custom implementation using symlinks instead of copying resources
[1.138s] -- Found rosidl_generator_c: 3.1.8 (/opt/ros/humble/share/rosidl_generator_c/cmake)
[1.142s] -- Found rosidl_adapter: 3.1.8 (/opt/ros/humble/share/rosidl_adapter/cmake)
[1.148s] -- Found rosidl_generator_cpp: 3.1.8 (/opt/ros/humble/share/rosidl_generator_cpp/cmake)
[1.156s] -- Using all available rosidl_typesupport_c: rosidl_typesupport_fastrtps_c;rosidl_typesupport_introspection_c
[1.167s] -- Using all available rosidl_typesupport_cpp: rosidl_typesupport_fastrtps_cpp;rosidl_typesupport_introspection_cpp
[1.198s] -- Found rmw_implementation_cmake: 6.1.2 (/opt/ros/humble/share/rmw_implementation_cmake/cmake)
[1.200s] -- Found rmw_fastrtps_cpp: 6.2.10 (/opt/ros/humble/share/rmw_fastrtps_cpp/cmake)
[1.271s] -- Found OpenSSL: /usr/lib/x86_64-linux-gnu/libcrypto.so (found version "3.0.2")  
[1.290s] -- Found FastRTPS: /opt/ros/humble/include  
[1.326s] -- Using RMW implementation 'rmw_fastrtps_cpp' as default
[1.490s] -- Found eigen3_cmake_module: 0.1.1 (/opt/ros/humble/share/eigen3_cmake_module/cmake)
[1.491s] -- Found Eigen3: TRUE (found version "3.4.0") 
[1.491s] -- Ensuring Eigen3 include directory is part of orocos-kdl CMake target
[1.623s] -- Found ament_lint_auto: 0.12.15 (/opt/ros/humble/share/ament_lint_auto/cmake)
[1.650s] -- Added test 'copyright' to check source files copyright and LICENSE
[1.651s] -- Added test 'cppcheck' to perform static code analysis on C / C++ code
[1.651s] -- Configured cppcheck include dirs: 
[1.651s] -- Configured cppcheck exclude dirs and/or files: 
[1.651s] -- Added test 'lint_cmake' to check CMake code style
[1.652s] -- Added test 'pep257' to check Python code against some of the docstring style conventions in PEP 257
[1.652s] -- Added test 'uncrustify' to check C / C++ code style
[1.652s] -- Configured uncrustify additional arguments: 
[1.653s] -- Added test 'xmllint' to check XML markup files
[1.654s] -- Configuring done
[1.680s] -- Generating done
[1.684s] -- Build files have been written to: /home/raianlaptop/cv5551-s26-team-dcml/build/zed_debug
[1.693s] Invoked command in '/home/raianlaptop/cv5551-s26-team-dcml/build/zed_debug' returned '0': AMENT_PREFIX_PATH=/home/raianlaptop/cv5551-s26-team-dcml/install/zed_components:${AMENT_PREFIX_PATH} CMAKE_PREFIX_PATH=/home/raianlaptop/cv5551-s26-team-dcml/install/zed_components:/opt/ros/humble LD_LIBRARY_PATH=/home/raianlaptop/cv5551-s26-team-dcml/install/zed_components/lib:/usr/lib/x86_64-linux-gnu/gazebo-11/plugins:/opt/ros/humble/opt/rviz_ogre_vendor/lib:/opt/ros/humble/lib/x86_64-linux-gnu:/opt/ros/humble/lib:/usr/lib/x86_64-linux-gnu/gazebo-11/plugins /usr/bin/cmake /home/raianlaptop/cv5551-s26-team-dcml/src/zed-ros2-wrapper/zed_debug -DAMENT_CMAKE_SYMLINK_INSTALL=1 -DCMAKE_INSTALL_PREFIX=/home/raianlaptop/cv5551-s26-team-dcml/install/zed_debug
[1.694s] Invoking command in '/home/raianlaptop/cv5551-s26-team-dcml/build/zed_debug': AMENT_PREFIX_PATH=/home/raianlaptop/cv5551-s26-team-dcml/install/zed_components:${AMENT_PREFIX_PATH} CMAKE_PREFIX_PATH=/home/raianlaptop/cv5551-s26-team-dcml/install/zed_components:/opt/ros/humble LD_LIBRARY_PATH=/home/raianlaptop/cv5551-s26-team-dcml/install/zed_components/lib:/usr/lib/x86_64-linux-gnu/gazebo-11/plugins:/opt/ros/humble/opt/rviz_ogre_vendor/lib:/opt/ros/humble/lib/x86_64-linux-gnu:/opt/ros/humble/lib:/usr/lib/x86_64-linux-gnu/gazebo-11/plugins /usr/bin/cmake --build /home/raianlaptop/cv5551-s26-team-dcml/build/zed_debug -- -j16 -l16
[1.755s] [ 50%] [32mBuilding CXX object CMakeFiles/zed_debug_proc.dir/src/zed_debug_proc.cpp.o[0m
[5.832s] [100%] [32m[1mLinking CXX executable zed_debug_proc[0m
[6.059s] /usr/bin/ld: warning: libnvidia-encode.so.1, needed by /usr/local/zed/lib/libsl_zed.so, not found (try using -rpath or -rpath-link)
[6.101s] /usr/bin/ld: /usr/local/zed/lib/libsl_zed.so: undefined reference to `NvEncodeAPICreateInstance'
[6.107s] collect2: error: ld returned 1 exit status
[6.109s] gmake[2]: *** [CMakeFiles/zed_debug_proc.dir/build.make:424: zed_debug_proc] Error 1
[6.109s] gmake[1]: *** [CMakeFiles/Makefile2:164: CMakeFiles/zed_debug_proc.dir/all] Error 2
[6.109s] gmake: *** [Makefile:146: all] Error 2
[6.111s] Invoked command in '/home/raianlaptop/cv5551-s26-team-dcml/build/zed_debug' returned '2': AMENT_PREFIX_PATH=/home/raianlaptop/cv5551-s26-team-dcml/install/zed_components:${AMENT_PREFIX_PATH} CMAKE_PREFIX_PATH=/home/raianlaptop/cv5551-s26-team-dcml/install/zed_components:/opt/ros/humble LD_LIBRARY_PATH=/home/raianlaptop/cv5551-s26-team-dcml/install/zed_components/lib:/usr/lib/x86_64-linux-gnu/gazebo-11/plugins:/opt/ros/humble/opt/rviz_ogre_vendor/lib:/opt/ros/humble/lib/x86_64-linux-gnu:/opt/ros/humble/lib:/usr/lib/x86_64-linux-gnu/gazebo-11/plugins /usr/bin/cmake --build /home/raianlaptop/cv5551-s26-team-dcml/build/zed_debug -- -j16 -l16
