[0.013s] Invoking command in '/home/raianlaptop/cv5551-s26-team-dcml/build/zed_components': CMAKE_PREFIX_PATH=/opt/ros/humble /usr/bin/cmake /home/raianlaptop/cv5551-s26-team-dcml/src/zed-ros2-wrapper/zed_components -DAMENT_CMAKE_SYMLINK_INSTALL=1 -DCMAKE_INSTALL_PREFIX=/home/raianlaptop/cv5551-s26-team-dcml/install/zed_components
[0.054s] -- Looking for sgemm_
[0.150s] -- Looking for sgemm_ - not found
[0.152s] -- Looking for pthread.h
[0.219s] -- Looking for pthread.h - found
[0.220s] -- Performing Test CMAKE_HAVE_LIBC_PTHREAD
[0.286s] -- Performing Test CMAKE_HAVE_LIBC_PTHREAD - Success
[0.286s] -- Found Threads: TRUE  
[0.307s] -- Looking for sgemm_
[0.411s] -- Looking for sgemm_ - found
[0.412s] -- Found BLAS: /usr/lib/x86_64-linux-gnu/libopenblas.so  
[0.452s] -- Found CUDA: /usr/local/cuda (found suitable version "13.0", minimum required is "13") 
[0.644s] -- Found CUDA: /usr/local/cuda (found version "13.0") 
[0.647s] -- Found ament_cmake_auto: 1.3.13 (/opt/ros/humble/share/ament_cmake_auto/cmake)
[0.923s] -- Found Python3: /usr/bin/python3 (found version "3.10.12") found components: Interpreter 
[0.968s] -- Override CMake install command with custom implementation using symlinks instead of copying resources
[1.084s] -- Found rosidl_generator_c: 3.1.8 (/opt/ros/humble/share/rosidl_generator_c/cmake)
[1.089s] -- Found rosidl_adapter: 3.1.8 (/opt/ros/humble/share/rosidl_adapter/cmake)
[1.097s] -- Found rosidl_generator_cpp: 3.1.8 (/opt/ros/humble/share/rosidl_generator_cpp/cmake)
[1.109s] -- Using all available rosidl_typesupport_c: rosidl_typesupport_fastrtps_c;rosidl_typesupport_introspection_c
[1.123s] -- Using all available rosidl_typesupport_cpp: rosidl_typesupport_fastrtps_cpp;rosidl_typesupport_introspection_cpp
[1.218s] -- Found rmw_implementation_cmake: 6.1.2 (/opt/ros/humble/share/rmw_implementation_cmake/cmake)
[1.221s] -- Found rmw_fastrtps_cpp: 6.2.10 (/opt/ros/humble/share/rmw_fastrtps_cpp/cmake)
[1.322s] -- Found OpenSSL: /usr/lib/x86_64-linux-gnu/libcrypto.so (found version "3.0.2")  
[1.347s] -- Found FastRTPS: /opt/ros/humble/include  
[1.384s] -- Using RMW implementation 'rmw_fastrtps_cpp' as default
[1.612s] -- Found eigen3_cmake_module: 0.1.1 (/opt/ros/humble/share/eigen3_cmake_module/cmake)
[1.613s] -- Found Eigen3: TRUE (found version "3.4.0") 
[1.613s] -- Ensuring Eigen3 include directory is part of orocos-kdl CMake target
[1.716s] -- Found ament_lint_auto: 0.12.15 (/opt/ros/humble/share/ament_lint_auto/cmake)
[1.743s] -- Added test 'copyright' to check source files copyright and LICENSE
[1.745s] -- Added test 'cppcheck' to perform static code analysis on C / C++ code
[1.745s] -- Configured cppcheck include dirs: /home/raianlaptop/cv5551-s26-team-dcml/src/zed-ros2-wrapper/zed_components/src/include;/home/raianlaptop/cv5551-s26-team-dcml/src/zed-ros2-wrapper/zed_components/src/zed_camera/include;/home/raianlaptop/cv5551-s26-team-dcml/src/zed-ros2-wrapper/zed_components/src/tools/include;/home/raianlaptop/cv5551-s26-team-dcml/src/zed-ros2-wrapper/zed_components/src/zed_camera_one/include
[1.745s] -- Configured cppcheck exclude dirs and/or files: 
[1.746s] -- Added test 'lint_cmake' to check CMake code style
[1.747s] -- Added test 'uncrustify' to check C / C++ code style
[1.747s] -- Configured uncrustify additional arguments: 
[1.747s] -- Added test 'xmllint' to check XML markup files
[1.750s] -- Configuring done
[1.771s] -- Generating done
[1.777s] -- Build files have been written to: /home/raianlaptop/cv5551-s26-team-dcml/build/zed_components
[1.785s] Invoked command in '/home/raianlaptop/cv5551-s26-team-dcml/build/zed_components' returned '0': CMAKE_PREFIX_PATH=/opt/ros/humble /usr/bin/cmake /home/raianlaptop/cv5551-s26-team-dcml/src/zed-ros2-wrapper/zed_components -DAMENT_CMAKE_SYMLINK_INSTALL=1 -DCMAKE_INSTALL_PREFIX=/home/raianlaptop/cv5551-s26-team-dcml/install/zed_components
[1.786s] Invoking command in '/home/raianlaptop/cv5551-s26-team-dcml/build/zed_components': CMAKE_PREFIX_PATH=/opt/ros/humble /usr/bin/cmake --build /home/raianlaptop/cv5551-s26-team-dcml/build/zed_components -- -j16 -l16
[1.850s] [  5%] [32mBuilding CXX object CMakeFiles/zed_camera_component.dir/src/tools/src/sl_win_avg.cpp.o[0m
[1.850s] [ 23%] [32mBuilding CXX object CMakeFiles/zed_camera_one_component.dir/src/tools/src/sl_win_avg.cpp.o[0m
[1.850s] [ 23%] [32mBuilding CXX object CMakeFiles/zed_camera_component.dir/src/tools/src/sl_tools.cpp.o[0m
[1.850s] [ 23%] [32mBuilding CXX object CMakeFiles/zed_camera_one_component.dir/src/tools/src/gnss_replay.cpp.o[0m
[1.850s] [ 29%] [32mBuilding CXX object CMakeFiles/zed_camera_component.dir/src/tools/src/sl_types.cpp.o[0m
[1.850s] [ 35%] [32mBuilding CXX object CMakeFiles/zed_camera_one_component.dir/src/tools/src/sl_tools.cpp.o[0m
[1.850s] [ 41%] [32mBuilding CXX object CMakeFiles/zed_camera_one_component.dir/src/zed_camera_one/src/zed_camera_one_component_sensors.cpp.o[0m
[1.850s] [ 52%] [32mBuilding CXX object CMakeFiles/zed_camera_component.dir/src/zed_camera/src/zed_camera_component_bodytrk.cpp.o[0m
[1.851s] [ 52%] [32mBuilding CXX object CMakeFiles/zed_camera_component.dir/src/zed_camera/src/zed_camera_component_objdet.cpp.o[0m
[1.851s] [ 58%] [32mBuilding CXX object CMakeFiles/zed_camera_one_component.dir/src/zed_camera_one/src/zed_camera_one_component_main.cpp.o[0m
[1.851s] [ 64%] [32mBuilding CXX object CMakeFiles/zed_camera_component.dir/src/tools/src/gnss_replay.cpp.o[0m
[1.851s] [ 70%] [32mBuilding CXX object CMakeFiles/zed_camera_component.dir/src/zed_camera/src/zed_camera_component_video_depth.cpp.o[0m
[1.851s] [ 76%] [32mBuilding CXX object CMakeFiles/zed_camera_one_component.dir/src/tools/src/sl_types.cpp.o[0m
[1.851s] [ 82%] [32mBuilding CXX object CMakeFiles/zed_camera_component.dir/src/zed_camera/src/zed_camera_component_main.cpp.o[0m
[1.852s] [ 88%] [32mBuilding CXX object CMakeFiles/zed_camera_one_component.dir/src/zed_camera_one/src/zed_camera_one_component_video.cpp.o[0m
[22.188s] [ 94%] [32m[1mLinking CXX shared library libzed_camera_one_component.so[0m
[22.569s] [ 94%] Built target zed_camera_one_component
[50.740s] [100%] [32m[1mLinking CXX shared library libzed_camera_component.so[0m
[51.177s] [100%] Built target zed_camera_component
[51.187s] Invoked command in '/home/raianlaptop/cv5551-s26-team-dcml/build/zed_components' returned '0': CMAKE_PREFIX_PATH=/opt/ros/humble /usr/bin/cmake --build /home/raianlaptop/cv5551-s26-team-dcml/build/zed_components -- -j16 -l16
[51.188s] Invoking command in '/home/raianlaptop/cv5551-s26-team-dcml/build/zed_components': CMAKE_PREFIX_PATH=/opt/ros/humble /usr/bin/cmake --install /home/raianlaptop/cv5551-s26-team-dcml/build/zed_components
[51.198s] -- Install configuration: "RELEASE"
[51.198s] -- Execute custom install script
[51.199s] -- Symlinking: /home/raianlaptop/cv5551-s26-team-dcml/install/zed_components/lib/libzed_camera_component.so
[51.208s] -- Symlinking: /home/raianlaptop/cv5551-s26-team-dcml/install/zed_components/lib/libzed_camera_one_component.so
[51.215s] -- Symlinking: /home/raianlaptop/cv5551-s26-team-dcml/install/zed_components/include/zed_components//cost_traversability.hpp
[51.221s] -- Symlinking: /home/raianlaptop/cv5551-s26-team-dcml/install/zed_components/include/zed_components//zed_camera_component.hpp
[51.230s] -- Symlinking: /home/raianlaptop/cv5551-s26-team-dcml/install/zed_components/include/zed_components//zed_camera_one_component.hpp
[51.242s] -- Symlinking: /home/raianlaptop/cv5551-s26-team-dcml/install/zed_components/include/zed_components//gnss_replay.hpp
[51.252s] -- Symlinking: /home/raianlaptop/cv5551-s26-team-dcml/install/zed_components/include/zed_components//json.hpp
[51.265s] -- Symlinking: /home/raianlaptop/cv5551-s26-team-dcml/install/zed_components/include/zed_components//sl_logging.hpp
[51.277s] -- Symlinking: /home/raianlaptop/cv5551-s26-team-dcml/install/zed_components/include/zed_components//sl_tools.hpp
[51.287s] -- Symlinking: /home/raianlaptop/cv5551-s26-team-dcml/install/zed_components/include/zed_components//sl_types.hpp
[51.300s] -- Symlinking: /home/raianlaptop/cv5551-s26-team-dcml/install/zed_components/include/zed_components//sl_win_avg.hpp
[51.312s] -- Symlinking: /home/raianlaptop/cv5551-s26-team-dcml/install/zed_components/include/zed_components//sl_version.hpp
[51.323s] -- Symlinking: /home/raianlaptop/cv5551-s26-team-dcml/install/zed_components/include/zed_components//visibility_control.hpp
[51.338s] -- Symlinking: /home/raianlaptop/cv5551-s26-team-dcml/install/zed_components/share/zed_components/environment/library_path.sh
[51.351s] -- Symlinking: /home/raianlaptop/cv5551-s26-team-dcml/install/zed_components/share/zed_components/environment/library_path.dsv
[51.362s] -- Symlinking: /home/raianlaptop/cv5551-s26-team-dcml/install/zed_components/share/ament_index/resource_index/package_run_dependencies/zed_components
[51.377s] -- Symlinking: /home/raianlaptop/cv5551-s26-team-dcml/install/zed_components/share/ament_index/resource_index/parent_prefix_path/zed_components
[51.390s] -- Symlinking: /home/raianlaptop/cv5551-s26-team-dcml/install/zed_components/share/zed_components/environment/ament_prefix_path.sh
[51.400s] -- Symlinking: /home/raianlaptop/cv5551-s26-team-dcml/install/zed_components/share/zed_components/environment/ament_prefix_path.dsv
[51.409s] -- Symlinking: /home/raianlaptop/cv5551-s26-team-dcml/install/zed_components/share/zed_components/environment/path.sh
[51.414s] -- Symlinking: /home/raianlaptop/cv5551-s26-team-dcml/install/zed_components/share/zed_components/environment/path.dsv
[51.421s] -- Symlinking: /home/raianlaptop/cv5551-s26-team-dcml/install/zed_components/share/zed_components/local_setup.bash
[51.427s] -- Symlinking: /home/raianlaptop/cv5551-s26-team-dcml/install/zed_components/share/zed_components/local_setup.sh
[51.435s] -- Symlinking: /home/raianlaptop/cv5551-s26-team-dcml/install/zed_components/share/zed_components/local_setup.zsh
[51.443s] -- Symlinking: /home/raianlaptop/cv5551-s26-team-dcml/install/zed_components/share/zed_components/local_setup.dsv
[51.453s] -- Symlinking: /home/raianlaptop/cv5551-s26-team-dcml/install/zed_components/share/zed_components/package.dsv
[51.460s] -- Symlinking: /home/raianlaptop/cv5551-s26-team-dcml/install/zed_components/share/ament_index/resource_index/packages/zed_components
[51.469s] -- Symlinking: /home/raianlaptop/cv5551-s26-team-dcml/install/zed_components/share/ament_index/resource_index/rclcpp_components/zed_components
[51.478s] -- Symlinking: /home/raianlaptop/cv5551-s26-team-dcml/install/zed_components/share/zed_components/cmake/ament_cmake_export_include_directories-extras.cmake
[51.486s] -- Symlinking: /home/raianlaptop/cv5551-s26-team-dcml/install/zed_components/share/zed_components/cmake/ament_cmake_export_libraries-extras.cmake
[51.494s] -- Symlinking: /home/raianlaptop/cv5551-s26-team-dcml/install/zed_components/share/zed_components/cmake/ament_cmake_export_dependencies-extras.cmake
[51.503s] -- Symlinking: /home/raianlaptop/cv5551-s26-team-dcml/install/zed_components/share/zed_components/cmake/zed_componentsConfig.cmake
[51.509s] -- Symlinking: /home/raianlaptop/cv5551-s26-team-dcml/install/zed_components/share/zed_components/cmake/zed_componentsConfig-version.cmake
[51.514s] -- Symlinking: /home/raianlaptop/cv5551-s26-team-dcml/install/zed_components/share/zed_components/package.xml
[51.521s] Invoked command in '/home/raianlaptop/cv5551-s26-team-dcml/build/zed_components' returned '0': CMAKE_PREFIX_PATH=/opt/ros/humble /usr/bin/cmake --install /home/raianlaptop/cv5551-s26-team-dcml/build/zed_components
