-- Found ament_cmake: 1.3.13 (/opt/ros/humble/share/ament_cmake/cmake)
-- Override CMake install command with custom implementation using symlinks instead of copying resources
-- Found rclpy: 3.3.20 (/opt/ros/humble/share/rclpy/cmake)
-- Found ament_lint_auto: 0.12.15 (/opt/ros/humble/share/ament_lint_auto/cmake)
-- Added test 'copyright' to check source files copyright and LICENSE
-- Added test 'flake8' to check Python code syntax and style conventions
-- Added test 'lint_cmake' to check CMake code style
-- Added test 'pep257' to check Python code against some of the docstring style conventions in PEP 257
-- Added test 'xmllint' to check XML markup files
-- Configuring done
-- Generating done
-- Build files have been written to: /home/raianlaptop/cv5551-s26-team-dcml/build/lite6_cube_stacker
Built target ament_cmake_python_symlink_lite6_cube_stacker
running egg_info
writing lite6_cube_stacker.egg-info/PKG-INFO
writing dependency_links to lite6_cube_stacker.egg-info/dependency_links.txt
writing top-level names to lite6_cube_stacker.egg-info/top_level.txt
reading manifest file 'lite6_cube_stacker.egg-info/SOURCES.txt'
writing manifest file 'lite6_cube_stacker.egg-info/SOURCES.txt'
Built target ament_cmake_python_build_lite6_cube_stacker_egg
