[0.007s] Invoking command in '/home/raianlaptop/cv5551-s26-team-dcml/build/lite6_cube_stacker': CMAKE_PREFIX_PATH=/opt/ros/humble /usr/bin/cmake /home/raianlaptop/cv5551-s26-team-dcml/src/lite6_cube_stacker -DCMAKE_BUILD_TYPE=RELEASE -DAMENT_CMAKE_SYMLINK_INSTALL=1 -DCMAKE_INSTALL_PREFIX=/home/raianlaptop/cv5551-s26-team-dcml/install/lite6_cube_stacker
[0.015s] -- Found ament_cmake: 1.3.13 (/opt/ros/humble/share/ament_cmake/cmake)
[0.118s] -- Override CMake install command with custom implementation using symlinks instead of copying resources
[0.122s] -- Found rclpy: 3.3.20 (/opt/ros/humble/share/rclpy/cmake)
[0.167s] -- Found ament_lint_auto: 0.12.15 (/opt/ros/humble/share/ament_lint_auto/cmake)
[0.216s] -- Added test 'copyright' to check source files copyright and LICENSE
[0.217s] -- Added test 'flake8' to check Python code syntax and style conventions
[0.217s] -- Added test 'lint_cmake' to check CMake code style
[0.217s] -- Added test 'pep257' to check Python code against some of the docstring style conventions in PEP 257
[0.218s] -- Added test 'xmllint' to check XML markup files
[0.219s] -- Configuring done
[0.221s] -- Generating done
[0.222s] -- Build files have been written to: /home/raianlaptop/cv5551-s26-team-dcml/build/lite6_cube_stacker
[0.224s] Invoked command in '/home/raianlaptop/cv5551-s26-team-dcml/build/lite6_cube_stacker' returned '0': CMAKE_PREFIX_PATH=/opt/ros/humble /usr/bin/cmake /home/raianlaptop/cv5551-s26-team-dcml/src/lite6_cube_stacker -DCMAKE_BUILD_TYPE=RELEASE -DAMENT_CMAKE_SYMLINK_INSTALL=1 -DCMAKE_INSTALL_PREFIX=/home/raianlaptop/cv5551-s26-team-dcml/install/lite6_cube_stacker
[0.226s] Invoking command in '/home/raianlaptop/cv5551-s26-team-dcml/build/lite6_cube_stacker': CMAKE_PREFIX_PATH=/opt/ros/humble /usr/bin/cmake --build /home/raianlaptop/cv5551-s26-team-dcml/build/lite6_cube_stacker -- -j16 -l16
[0.267s] Built target ament_cmake_python_symlink_lite6_cube_stacker
[0.414s] running egg_info
[0.423s] writing lite6_cube_stacker.egg-info/PKG-INFO
[0.423s] writing dependency_links to lite6_cube_stacker.egg-info/dependency_links.txt
[0.423s] writing top-level names to lite6_cube_stacker.egg-info/top_level.txt
[0.452s] reading manifest file 'lite6_cube_stacker.egg-info/SOURCES.txt'
[0.453s] writing manifest file 'lite6_cube_stacker.egg-info/SOURCES.txt'
[0.472s] Built target ament_cmake_python_build_lite6_cube_stacker_egg
