[0.009s] Invoking command in '/home/raianlaptop/cv5551-s26-team-dcml/build/zed_components': CMAKE_PREFIX_PATH=/opt/ros/humble /usr/bin/cmake /home/raianlaptop/cv5551-s26-team-dcml/src/zed-ros2-wrapper/zed_components -DCMAKE_BUILD_TYPE=RELEASE -DAMENT_CMAKE_SYMLINK_INSTALL=1 -DCMAKE_INSTALL_PREFIX=/home/raianlaptop/cv5551-s26-team-dcml/install/zed_components
[0.055s] -- The C compiler identification is GNU 11.4.0
[0.169s] -- The CXX compiler identification is GNU 11.4.0
[0.174s] -- Detecting C compiler ABI info
[0.237s] -- Detecting C compiler ABI info - done
[0.242s] -- Check for working C compiler: /usr/bin/cc - skipped
[0.242s] -- Detecting C compile features
[0.243s] -- Detecting C compile features - done
[0.245s] -- Detecting CXX compiler ABI info
[0.315s] -- Detecting CXX compiler ABI info - done
[0.321s] -- Check for working CXX compiler: /usr/bin/c++ - skipped
[0.321s] -- Detecting CXX compile features
[0.321s] -- Detecting CXX compile features - done
[0.402s] -- Configuring incomplete, errors occurred!
[0.402s] See also "/home/raianlaptop/cv5551-s26-team-dcml/build/zed_components/CMakeFiles/CMakeOutput.log".
[0.402s] [31mCMake Error at CMakeLists.txt:84 (find_package):
[0.402s]   By not providing "FindZED.cmake" in CMAKE_MODULE_PATH this project has
[0.402s]   asked CMake to find a package configuration file provided by "ZED", but
[0.402s]   CMake did not find one.
[0.402s] 
[0.402s]   Could not find a package configuration file provided by "ZED" with any of
[0.402s]   the following names:
[0.402s] 
[0.402s]     ZEDConfig.cmake
[0.402s]     zed-config.cmake
[0.402s] 
[0.402s]   Add the installation prefix of "ZED" to CMAKE_PREFIX_PATH or set "ZED_DIR"
[0.402s]   to a directory containing one of the above files.  If "ZED" provides a
[0.402s]   separate development package or SDK, be sure it has been installed.
[0.402s] 
[0.402s] [0m
[0.405s] Invoked command in '/home/raianlaptop/cv5551-s26-team-dcml/build/zed_components' returned '1': CMAKE_PREFIX_PATH=/opt/ros/humble /usr/bin/cmake /home/raianlaptop/cv5551-s26-team-dcml/src/zed-ros2-wrapper/zed_components -DCMAKE_BUILD_TYPE=RELEASE -DAMENT_CMAKE_SYMLINK_INSTALL=1 -DCMAKE_INSTALL_PREFIX=/home/raianlaptop/cv5551-s26-team-dcml/install/zed_components
