[0.010s] Invoking command in '/home/raianlaptop/cv5551-s26-team-dcml/build/zed_wrapper': AMENT_PREFIX_PATH=/home/raianlaptop/cv5551-s26-team-dcml/install/zed_components:${AMENT_PREFIX_PATH} CMAKE_PREFIX_PATH=/home/raianlaptop/cv5551-s26-team-dcml/install/zed_components:/opt/ros/humble LD_LIBRARY_PATH=/home/raianlaptop/cv5551-s26-team-dcml/install/zed_components/lib:/usr/lib/x86_64-linux-gnu/gazebo-11/plugins:/opt/ros/humble/opt/rviz_ogre_vendor/lib:/opt/ros/humble/lib/x86_64-linux-gnu:/opt/ros/humble/lib:/usr/lib/x86_64-linux-gnu/gazebo-11/plugins /usr/bin/cmake /home/raianlaptop/cv5551-s26-team-dcml/src/zed-ros2-wrapper/zed_wrapper -DAMENT_CMAKE_SYMLINK_INSTALL=1 -DCMAKE_INSTALL_PREFIX=/home/raianlaptop/cv5551-s26-team-dcml/install/zed_wrapper
[0.061s] -- The C compiler identification is GNU 11.4.0
[0.110s] -- The CXX compiler identification is GNU 11.4.0
[0.116s] -- Detecting C compiler ABI info
[0.172s] -- Detecting C compiler ABI info - done
[0.178s] -- Check for working C compiler: /usr/bin/cc - skipped
[0.178s] -- Detecting C compile features
[0.179s] -- Detecting C compile features - done
[0.181s] -- Detecting CXX compiler ABI info
[0.258s] -- Detecting CXX compiler ABI info - done
[0.264s] -- Check for working CXX compiler: /usr/bin/c++ - skipped
[0.265s] -- Detecting CXX compile features
[0.265s] -- Detecting CXX compile features - done
[0.266s] -- Found ament_cmake_auto: 1.3.13 (/opt/ros/humble/share/ament_cmake_auto/cmake)
[0.528s] -- Found Python3: /usr/bin/python3 (found version "3.10.12") found components: Interpreter 
[0.577s] -- Override CMake install command with custom implementation using symlinks instead of copying resources
[0.680s] -- Found rosidl_generator_c: 3.1.8 (/opt/ros/humble/share/rosidl_generator_c/cmake)
[0.684s] -- Found rosidl_adapter: 3.1.8 (/opt/ros/humble/share/rosidl_adapter/cmake)
[0.690s] -- Found rosidl_generator_cpp: 3.1.8 (/opt/ros/humble/share/rosidl_generator_cpp/cmake)
[0.699s] -- Using all available rosidl_typesupport_c: rosidl_typesupport_fastrtps_c;rosidl_typesupport_introspection_c
[0.711s] -- Using all available rosidl_typesupport_cpp: rosidl_typesupport_fastrtps_cpp;rosidl_typesupport_introspection_cpp
[0.754s] -- Found rmw_implementation_cmake: 6.1.2 (/opt/ros/humble/share/rmw_implementation_cmake/cmake)
[0.758s] -- Found rmw_fastrtps_cpp: 6.2.10 (/opt/ros/humble/share/rmw_fastrtps_cpp/cmake)
[0.847s] -- Found OpenSSL: /usr/lib/x86_64-linux-gnu/libcrypto.so (found version "3.0.2")  
[0.871s] -- Found FastRTPS: /opt/ros/humble/include  
[0.904s] -- Using RMW implementation 'rmw_fastrtps_cpp' as default
[0.911s] -- Looking for pthread.h
[0.969s] -- Looking for pthread.h - found
[0.970s] -- Performing Test CMAKE_HAVE_LIBC_PTHREAD
[1.031s] -- Performing Test CMAKE_HAVE_LIBC_PTHREAD - Success
[1.032s] -- Found Threads: TRUE  
[1.188s] -- Found eigen3_cmake_module: 0.1.1 (/opt/ros/humble/share/eigen3_cmake_module/cmake)
[1.189s] -- Found Eigen3: TRUE (found version "3.4.0") 
[1.189s] -- Ensuring Eigen3 include directory is part of orocos-kdl CMake target
[1.321s] -- Configuring done
[1.324s] -- Generating done
[1.325s] -- Build files have been written to: /home/raianlaptop/cv5551-s26-team-dcml/build/zed_wrapper
[1.333s] Invoked command in '/home/raianlaptop/cv5551-s26-team-dcml/build/zed_wrapper' returned '0': AMENT_PREFIX_PATH=/home/raianlaptop/cv5551-s26-team-dcml/install/zed_components:${AMENT_PREFIX_PATH} CMAKE_PREFIX_PATH=/home/raianlaptop/cv5551-s26-team-dcml/install/zed_components:/opt/ros/humble LD_LIBRARY_PATH=/home/raianlaptop/cv5551-s26-team-dcml/install/zed_components/lib:/usr/lib/x86_64-linux-gnu/gazebo-11/plugins:/opt/ros/humble/opt/rviz_ogre_vendor/lib:/opt/ros/humble/lib/x86_64-linux-gnu:/opt/ros/humble/lib:/usr/lib/x86_64-linux-gnu/gazebo-11/plugins /usr/bin/cmake /home/raianlaptop/cv5551-s26-team-dcml/src/zed-ros2-wrapper/zed_wrapper -DAMENT_CMAKE_SYMLINK_INSTALL=1 -DCMAKE_INSTALL_PREFIX=/home/raianlaptop/cv5551-s26-team-dcml/install/zed_wrapper
[1.334s] Invoking command in '/home/raianlaptop/cv5551-s26-team-dcml/build/zed_wrapper': AMENT_PREFIX_PATH=/home/raianlaptop/cv5551-s26-team-dcml/install/zed_components:${AMENT_PREFIX_PATH} CMAKE_PREFIX_PATH=/home/raianlaptop/cv5551-s26-team-dcml/install/zed_components:/opt/ros/humble LD_LIBRARY_PATH=/home/raianlaptop/cv5551-s26-team-dcml/install/zed_components/lib:/usr/lib/x86_64-linux-gnu/gazebo-11/plugins:/opt/ros/humble/opt/rviz_ogre_vendor/lib:/opt/ros/humble/lib/x86_64-linux-gnu:/opt/ros/humble/lib:/usr/lib/x86_64-linux-gnu/gazebo-11/plugins /usr/bin/cmake --build /home/raianlaptop/cv5551-s26-team-dcml/build/zed_wrapper -- -j16 -l16
[1.365s] Invoked command in '/home/raianlaptop/cv5551-s26-team-dcml/build/zed_wrapper' returned '0': AMENT_PREFIX_PATH=/home/raianlaptop/cv5551-s26-team-dcml/install/zed_components:${AMENT_PREFIX_PATH} CMAKE_PREFIX_PATH=/home/raianlaptop/cv5551-s26-team-dcml/install/zed_components:/opt/ros/humble LD_LIBRARY_PATH=/home/raianlaptop/cv5551-s26-team-dcml/install/zed_components/lib:/usr/lib/x86_64-linux-gnu/gazebo-11/plugins:/opt/ros/humble/opt/rviz_ogre_vendor/lib:/opt/ros/humble/lib/x86_64-linux-gnu:/opt/ros/humble/lib:/usr/lib/x86_64-linux-gnu/gazebo-11/plugins /usr/bin/cmake --build /home/raianlaptop/cv5551-s26-team-dcml/build/zed_wrapper -- -j16 -l16
[1.367s] Invoking command in '/home/raianlaptop/cv5551-s26-team-dcml/build/zed_wrapper': AMENT_PREFIX_PATH=/home/raianlaptop/cv5551-s26-team-dcml/install/zed_components:${AMENT_PREFIX_PATH} CMAKE_PREFIX_PATH=/home/raianlaptop/cv5551-s26-team-dcml/install/zed_components:/opt/ros/humble LD_LIBRARY_PATH=/home/raianlaptop/cv5551-s26-team-dcml/install/zed_components/lib:/usr/lib/x86_64-linux-gnu/gazebo-11/plugins:/opt/ros/humble/opt/rviz_ogre_vendor/lib:/opt/ros/humble/lib/x86_64-linux-gnu:/opt/ros/humble/lib:/usr/lib/x86_64-linux-gnu/gazebo-11/plugins /usr/bin/cmake --install /home/raianlaptop/cv5551-s26-team-dcml/build/zed_wrapper
[1.373s] -- Install configuration: ""
[1.374s] -- Execute custom install script
[1.374s] -- Symlinking: /home/raianlaptop/cv5551-s26-team-dcml/install/zed_wrapper/share/zed_wrapper/config/common_mono.yaml
[1.382s] -- Symlinking: /home/raianlaptop/cv5551-s26-team-dcml/install/zed_wrapper/share/zed_wrapper/config/common_stereo.yaml
[1.388s] -- Symlinking: /home/raianlaptop/cv5551-s26-team-dcml/install/zed_wrapper/share/zed_wrapper/config/custom_object_detection.yaml
[1.394s] -- Symlinking: /home/raianlaptop/cv5551-s26-team-dcml/install/zed_wrapper/share/zed_wrapper/config/object_detection.yaml
[1.400s] -- Symlinking: /home/raianlaptop/cv5551-s26-team-dcml/install/zed_wrapper/share/zed_wrapper/config/virtual.yaml
[1.407s] -- Symlinking: /home/raianlaptop/cv5551-s26-team-dcml/install/zed_wrapper/share/zed_wrapper/config/zed.yaml
[1.412s] -- Symlinking: /home/raianlaptop/cv5551-s26-team-dcml/install/zed_wrapper/share/zed_wrapper/config/zed2.yaml
[1.420s] -- Symlinking: /home/raianlaptop/cv5551-s26-team-dcml/install/zed_wrapper/share/zed_wrapper/config/zed2i.yaml
[1.427s] -- Symlinking: /home/raianlaptop/cv5551-s26-team-dcml/install/zed_wrapper/share/zed_wrapper/config/zedm.yaml
[1.434s] -- Symlinking: /home/raianlaptop/cv5551-s26-team-dcml/install/zed_wrapper/share/zed_wrapper/config/zedx.yaml
[1.441s] -- Symlinking: /home/raianlaptop/cv5551-s26-team-dcml/install/zed_wrapper/share/zed_wrapper/config/zedxhdr.yaml
[1.447s] -- Symlinking: /home/raianlaptop/cv5551-s26-team-dcml/install/zed_wrapper/share/zed_wrapper/config/zedxhdrmax.yaml
[1.453s] -- Symlinking: /home/raianlaptop/cv5551-s26-team-dcml/install/zed_wrapper/share/zed_wrapper/config/zedxhdrmini.yaml
[1.459s] -- Symlinking: /home/raianlaptop/cv5551-s26-team-dcml/install/zed_wrapper/share/zed_wrapper/config/zedxm.yaml
[1.466s] -- Symlinking: /home/raianlaptop/cv5551-s26-team-dcml/install/zed_wrapper/share/zed_wrapper/config/zedxone4k.yaml
[1.472s] -- Symlinking: /home/raianlaptop/cv5551-s26-team-dcml/install/zed_wrapper/share/zed_wrapper/config/zedxonegs.yaml
[1.480s] -- Symlinking: /home/raianlaptop/cv5551-s26-team-dcml/install/zed_wrapper/share/zed_wrapper/config/zedxonehdr.yaml
[1.489s] -- Symlinking: /home/raianlaptop/cv5551-s26-team-dcml/install/zed_wrapper/share/zed_wrapper/urdf/zed_descr.urdf.xacro
[1.497s] -- Symlinking: /home/raianlaptop/cv5551-s26-team-dcml/install/zed_wrapper/share/zed_wrapper/urdf/zed_macro.urdf.xacro
[1.503s] -- Symlinking: /home/raianlaptop/cv5551-s26-team-dcml/install/zed_wrapper/share/zed_wrapper/launch/zed_camera.launch.py
[1.509s] -- Symlinking: /home/raianlaptop/cv5551-s26-team-dcml/install/zed_wrapper/share/ament_index/resource_index/package_run_dependencies/zed_wrapper
[1.515s] -- Symlinking: /home/raianlaptop/cv5551-s26-team-dcml/install/zed_wrapper/share/ament_index/resource_index/parent_prefix_path/zed_wrapper
[1.521s] -- Symlinking: /home/raianlaptop/cv5551-s26-team-dcml/install/zed_wrapper/share/zed_wrapper/environment/ament_prefix_path.sh
[1.526s] -- Symlinking: /home/raianlaptop/cv5551-s26-team-dcml/install/zed_wrapper/share/zed_wrapper/environment/ament_prefix_path.dsv
[1.532s] -- Symlinking: /home/raianlaptop/cv5551-s26-team-dcml/install/zed_wrapper/share/zed_wrapper/environment/path.sh
[1.537s] -- Symlinking: /home/raianlaptop/cv5551-s26-team-dcml/install/zed_wrapper/share/zed_wrapper/environment/path.dsv
[1.544s] -- Symlinking: /home/raianlaptop/cv5551-s26-team-dcml/install/zed_wrapper/share/zed_wrapper/local_setup.bash
[1.550s] -- Symlinking: /home/raianlaptop/cv5551-s26-team-dcml/install/zed_wrapper/share/zed_wrapper/local_setup.sh
[1.555s] -- Symlinking: /home/raianlaptop/cv5551-s26-team-dcml/install/zed_wrapper/share/zed_wrapper/local_setup.zsh
[1.562s] -- Symlinking: /home/raianlaptop/cv5551-s26-team-dcml/install/zed_wrapper/share/zed_wrapper/local_setup.dsv
[1.570s] -- Symlinking: /home/raianlaptop/cv5551-s26-team-dcml/install/zed_wrapper/share/zed_wrapper/package.dsv
[1.578s] -- Symlinking: /home/raianlaptop/cv5551-s26-team-dcml/install/zed_wrapper/share/ament_index/resource_index/packages/zed_wrapper
[1.585s] -- Symlinking: /home/raianlaptop/cv5551-s26-team-dcml/install/zed_wrapper/share/zed_wrapper/cmake/zed_wrapperConfig.cmake
[1.591s] -- Symlinking: /home/raianlaptop/cv5551-s26-team-dcml/install/zed_wrapper/share/zed_wrapper/cmake/zed_wrapperConfig-version.cmake
[1.598s] -- Symlinking: /home/raianlaptop/cv5551-s26-team-dcml/install/zed_wrapper/share/zed_wrapper/package.xml
[1.607s] Invoked command in '/home/raianlaptop/cv5551-s26-team-dcml/build/zed_wrapper' returned '0': AMENT_PREFIX_PATH=/home/raianlaptop/cv5551-s26-team-dcml/install/zed_components:${AMENT_PREFIX_PATH} CMAKE_PREFIX_PATH=/home/raianlaptop/cv5551-s26-team-dcml/install/zed_components:/opt/ros/humble LD_LIBRARY_PATH=/home/raianlaptop/cv5551-s26-team-dcml/install/zed_components/lib:/usr/lib/x86_64-linux-gnu/gazebo-11/plugins:/opt/ros/humble/opt/rviz_ogre_vendor/lib:/opt/ros/humble/lib/x86_64-linux-gnu:/opt/ros/humble/lib:/usr/lib/x86_64-linux-gnu/gazebo-11/plugins /usr/bin/cmake --install /home/raianlaptop/cv5551-s26-team-dcml/build/zed_wrapper
