[0.139s] DEBUG:colcon:Command line arguments: ['/usr/bin/colcon', 'build', '--symlink-install']
[0.139s] DEBUG:colcon:Parsed command line arguments: Namespace(log_base=None, log_level=None, verb_name='build', build_base='build', install_base='install', merge_install=False, symlink_install=True, test_result_base=None, continue_on_error=False, executor='parallel', parallel_workers=16, event_handlers=None, ignore_user_meta=False, metas=['./colcon.meta'], base_paths=['.'], packages_ignore=None, packages_ignore_regex=None, paths=None, packages_up_to=None, packages_up_to_regex=None, packages_above=None, packages_above_and_dependencies=None, packages_above_depth=None, packages_select_by_dep=None, packages_skip_by_dep=None, packages_skip_up_to=None, packages_select_build_failed=False, packages_skip_build_finished=False, packages_select_test_failures=False, packages_skip_test_passed=False, packages_select=None, packages_skip=None, packages_select_regex=None, packages_skip_regex=None, packages_start=None, packages_end=None, allow_overriding=[], cmake_args=None, cmake_target=None, cmake_target_skip_unavailable=False, cmake_clean_cache=False, cmake_clean_first=False, cmake_force_configure=False, ament_cmake_args=None, catkin_cmake_args=None, catkin_skip_building_tests=False, mixin_files=None, mixin=None, verb_parser=<colcon_mixin.mixin.mixin_argument.MixinArgumentDecorator object at 0x7639a955f7c0>, verb_extension=<colcon_core.verb.build.BuildVerb object at 0x7639a9511540>, main=<bound method BuildVerb.main of <colcon_core.verb.build.BuildVerb object at 0x7639a9511540>>, mixin_verb=('build',))
[0.184s] Level 1:colcon.colcon_core.package_discovery:discover_packages(colcon_meta) check parameters
[0.184s] Level 1:colcon.colcon_core.package_discovery:discover_packages(recursive) check parameters
[0.184s] Level 1:colcon.colcon_core.package_discovery:discover_packages(ignore) check parameters
[0.184s] Level 1:colcon.colcon_core.package_discovery:discover_packages(path) check parameters
[0.184s] Level 1:colcon.colcon_core.package_discovery:discover_packages(colcon_meta) discover
[0.184s] Level 1:colcon.colcon_core.package_discovery:discover_packages(recursive) discover
[0.184s] INFO:colcon.colcon_core.package_discovery:Crawling recursively for packages in '/home/raianlaptop/cv5551-s26-team-dcml'
[0.184s] Level 1:colcon.colcon_core.package_identification:_identify(.) by extensions ['ignore', 'ignore_ament_install']
[0.184s] Level 1:colcon.colcon_core.package_identification:_identify(.) by extension 'ignore'
[0.184s] Level 1:colcon.colcon_core.package_identification:_identify(.) by extension 'ignore_ament_install'
[0.184s] Level 1:colcon.colcon_core.package_identification:_identify(.) by extensions ['colcon_pkg']
[0.184s] Level 1:colcon.colcon_core.package_identification:_identify(.) by extension 'colcon_pkg'
[0.184s] Level 1:colcon.colcon_core.package_identification:_identify(.) by extensions ['colcon_meta']
[0.184s] Level 1:colcon.colcon_core.package_identification:_identify(.) by extension 'colcon_meta'
[0.185s] Level 1:colcon.colcon_core.package_identification:_identify(.) by extensions ['ros']
[0.185s] Level 1:colcon.colcon_core.package_identification:_identify(.) by extension 'ros'
[0.197s] Level 1:colcon.colcon_core.package_identification:_identify(.) by extensions ['cmake', 'python']
[0.197s] Level 1:colcon.colcon_core.package_identification:_identify(.) by extension 'cmake'
[0.197s] Level 1:colcon.colcon_core.package_identification:_identify(.) by extension 'python'
[0.197s] Level 1:colcon.colcon_core.package_identification:_identify(.) by extensions ['python_setup_py']
[0.197s] Level 1:colcon.colcon_core.package_identification:_identify(.) by extension 'python_setup_py'
[0.197s] Level 1:colcon.colcon_core.package_identification:_identify(build) by extensions ['ignore', 'ignore_ament_install']
[0.197s] Level 1:colcon.colcon_core.package_identification:_identify(build) by extension 'ignore'
[0.197s] Level 1:colcon.colcon_core.package_identification:_identify(build) ignored
[0.197s] Level 1:colcon.colcon_core.package_identification:_identify(install) by extensions ['ignore', 'ignore_ament_install']
[0.198s] Level 1:colcon.colcon_core.package_identification:_identify(install) by extension 'ignore'
[0.198s] Level 1:colcon.colcon_core.package_identification:_identify(install) ignored
[0.198s] Level 1:colcon.colcon_core.package_identification:_identify(log) by extensions ['ignore', 'ignore_ament_install']
[0.198s] Level 1:colcon.colcon_core.package_identification:_identify(log) by extension 'ignore'
[0.198s] Level 1:colcon.colcon_core.package_identification:_identify(log) ignored
[0.198s] Level 1:colcon.colcon_core.package_identification:_identify(src) by extensions ['ignore', 'ignore_ament_install']
[0.198s] Level 1:colcon.colcon_core.package_identification:_identify(src) by extension 'ignore'
[0.198s] Level 1:colcon.colcon_core.package_identification:_identify(src) by extension 'ignore_ament_install'
[0.198s] Level 1:colcon.colcon_core.package_identification:_identify(src) by extensions ['colcon_pkg']
[0.198s] Level 1:colcon.colcon_core.package_identification:_identify(src) by extension 'colcon_pkg'
[0.198s] Level 1:colcon.colcon_core.package_identification:_identify(src) by extensions ['colcon_meta']
[0.198s] Level 1:colcon.colcon_core.package_identification:_identify(src) by extension 'colcon_meta'
[0.198s] Level 1:colcon.colcon_core.package_identification:_identify(src) by extensions ['ros']
[0.198s] Level 1:colcon.colcon_core.package_identification:_identify(src) by extension 'ros'
[0.198s] Level 1:colcon.colcon_core.package_identification:_identify(src) by extensions ['cmake', 'python']
[0.198s] Level 1:colcon.colcon_core.package_identification:_identify(src) by extension 'cmake'
[0.198s] Level 1:colcon.colcon_core.package_identification:_identify(src) by extension 'python'
[0.198s] Level 1:colcon.colcon_core.package_identification:_identify(src) by extensions ['python_setup_py']
[0.198s] Level 1:colcon.colcon_core.package_identification:_identify(src) by extension 'python_setup_py'
[0.198s] Level 1:colcon.colcon_core.package_identification:_identify(src/lite6_cube_stacker) by extensions ['ignore', 'ignore_ament_install']
[0.198s] Level 1:colcon.colcon_core.package_identification:_identify(src/lite6_cube_stacker) by extension 'ignore'
[0.198s] Level 1:colcon.colcon_core.package_identification:_identify(src/lite6_cube_stacker) by extension 'ignore_ament_install'
[0.198s] Level 1:colcon.colcon_core.package_identification:_identify(src/lite6_cube_stacker) by extensions ['colcon_pkg']
[0.198s] Level 1:colcon.colcon_core.package_identification:_identify(src/lite6_cube_stacker) by extension 'colcon_pkg'
[0.198s] Level 1:colcon.colcon_core.package_identification:_identify(src/lite6_cube_stacker) by extensions ['colcon_meta']
[0.198s] Level 1:colcon.colcon_core.package_identification:_identify(src/lite6_cube_stacker) by extension 'colcon_meta'
[0.198s] Level 1:colcon.colcon_core.package_identification:_identify(src/lite6_cube_stacker) by extensions ['ros']
[0.198s] Level 1:colcon.colcon_core.package_identification:_identify(src/lite6_cube_stacker) by extension 'ros'
[0.201s] DEBUG:colcon.colcon_core.package_identification:Package 'src/lite6_cube_stacker' with type 'ros.ament_cmake' and name 'lite6_cube_stacker'
[0.201s] Level 1:colcon.colcon_core.package_identification:_identify(src/zed-ros2-wrapper) by extensions ['ignore', 'ignore_ament_install']
[0.201s] Level 1:colcon.colcon_core.package_identification:_identify(src/zed-ros2-wrapper) by extension 'ignore'
[0.201s] Level 1:colcon.colcon_core.package_identification:_identify(src/zed-ros2-wrapper) by extension 'ignore_ament_install'
[0.201s] Level 1:colcon.colcon_core.package_identification:_identify(src/zed-ros2-wrapper) by extensions ['colcon_pkg']
[0.201s] Level 1:colcon.colcon_core.package_identification:_identify(src/zed-ros2-wrapper) by extension 'colcon_pkg'
[0.201s] Level 1:colcon.colcon_core.package_identification:_identify(src/zed-ros2-wrapper) by extensions ['colcon_meta']
[0.201s] Level 1:colcon.colcon_core.package_identification:_identify(src/zed-ros2-wrapper) by extension 'colcon_meta'
[0.201s] Level 1:colcon.colcon_core.package_identification:_identify(src/zed-ros2-wrapper) by extensions ['ros']
[0.201s] Level 1:colcon.colcon_core.package_identification:_identify(src/zed-ros2-wrapper) by extension 'ros'
[0.201s] Level 1:colcon.colcon_core.package_identification:_identify(src/zed-ros2-wrapper) by extensions ['cmake', 'python']
[0.201s] Level 1:colcon.colcon_core.package_identification:_identify(src/zed-ros2-wrapper) by extension 'cmake'
[0.201s] Level 1:colcon.colcon_core.package_identification:_identify(src/zed-ros2-wrapper) by extension 'python'
[0.201s] Level 1:colcon.colcon_core.package_identification:_identify(src/zed-ros2-wrapper) by extensions ['python_setup_py']
[0.201s] Level 1:colcon.colcon_core.package_identification:_identify(src/zed-ros2-wrapper) by extension 'python_setup_py'
[0.202s] Level 1:colcon.colcon_core.package_identification:_identify(src/zed-ros2-wrapper/docker) by extensions ['ignore', 'ignore_ament_install']
[0.202s] Level 1:colcon.colcon_core.package_identification:_identify(src/zed-ros2-wrapper/docker) by extension 'ignore'
[0.202s] Level 1:colcon.colcon_core.package_identification:_identify(src/zed-ros2-wrapper/docker) by extension 'ignore_ament_install'
[0.202s] Level 1:colcon.colcon_core.package_identification:_identify(src/zed-ros2-wrapper/docker) by extensions ['colcon_pkg']
[0.202s] Level 1:colcon.colcon_core.package_identification:_identify(src/zed-ros2-wrapper/docker) by extension 'colcon_pkg'
[0.202s] Level 1:colcon.colcon_core.package_identification:_identify(src/zed-ros2-wrapper/docker) by extensions ['colcon_meta']
[0.202s] Level 1:colcon.colcon_core.package_identification:_identify(src/zed-ros2-wrapper/docker) by extension 'colcon_meta'
[0.202s] Level 1:colcon.colcon_core.package_identification:_identify(src/zed-ros2-wrapper/docker) by extensions ['ros']
[0.202s] Level 1:colcon.colcon_core.package_identification:_identify(src/zed-ros2-wrapper/docker) by extension 'ros'
[0.202s] Level 1:colcon.colcon_core.package_identification:_identify(src/zed-ros2-wrapper/docker) by extensions ['cmake', 'python']
[0.202s] Level 1:colcon.colcon_core.package_identification:_identify(src/zed-ros2-wrapper/docker) by extension 'cmake'
[0.202s] Level 1:colcon.colcon_core.package_identification:_identify(src/zed-ros2-wrapper/docker) by extension 'python'
[0.202s] Level 1:colcon.colcon_core.package_identification:_identify(src/zed-ros2-wrapper/docker) by extensions ['python_setup_py']
[0.202s] Level 1:colcon.colcon_core.package_identification:_identify(src/zed-ros2-wrapper/docker) by extension 'python_setup_py'
[0.202s] Level 1:colcon.colcon_core.package_identification:_identify(src/zed-ros2-wrapper/images) by extensions ['ignore', 'ignore_ament_install']
[0.202s] Level 1:colcon.colcon_core.package_identification:_identify(src/zed-ros2-wrapper/images) by extension 'ignore'
[0.202s] Level 1:colcon.colcon_core.package_identification:_identify(src/zed-ros2-wrapper/images) by extension 'ignore_ament_install'
[0.202s] Level 1:colcon.colcon_core.package_identification:_identify(src/zed-ros2-wrapper/images) by extensions ['colcon_pkg']
[0.202s] Level 1:colcon.colcon_core.package_identification:_identify(src/zed-ros2-wrapper/images) by extension 'colcon_pkg'
[0.202s] Level 1:colcon.colcon_core.package_identification:_identify(src/zed-ros2-wrapper/images) by extensions ['colcon_meta']
[0.202s] Level 1:colcon.colcon_core.package_identification:_identify(src/zed-ros2-wrapper/images) by extension 'colcon_meta'
[0.202s] Level 1:colcon.colcon_core.package_identification:_identify(src/zed-ros2-wrapper/images) by extensions ['ros']
[0.202s] Level 1:colcon.colcon_core.package_identification:_identify(src/zed-ros2-wrapper/images) by extension 'ros'
[0.202s] Level 1:colcon.colcon_core.package_identification:_identify(src/zed-ros2-wrapper/images) by extensions ['cmake', 'python']
[0.202s] Level 1:colcon.colcon_core.package_identification:_identify(src/zed-ros2-wrapper/images) by extension 'cmake'
[0.202s] Level 1:colcon.colcon_core.package_identification:_identify(src/zed-ros2-wrapper/images) by extension 'python'
[0.202s] Level 1:colcon.colcon_core.package_identification:_identify(src/zed-ros2-wrapper/images) by extensions ['python_setup_py']
[0.202s] Level 1:colcon.colcon_core.package_identification:_identify(src/zed-ros2-wrapper/images) by extension 'python_setup_py'
[0.202s] Level 1:colcon.colcon_core.package_identification:_identify(src/zed-ros2-wrapper/zed_components) by extensions ['ignore', 'ignore_ament_install']
[0.202s] Level 1:colcon.colcon_core.package_identification:_identify(src/zed-ros2-wrapper/zed_components) by extension 'ignore'
[0.202s] Level 1:colcon.colcon_core.package_identification:_identify(src/zed-ros2-wrapper/zed_components) by extension 'ignore_ament_install'
[0.202s] Level 1:colcon.colcon_core.package_identification:_identify(src/zed-ros2-wrapper/zed_components) by extensions ['colcon_pkg']
[0.202s] Level 1:colcon.colcon_core.package_identification:_identify(src/zed-ros2-wrapper/zed_components) by extension 'colcon_pkg'
[0.202s] Level 1:colcon.colcon_core.package_identification:_identify(src/zed-ros2-wrapper/zed_components) by extensions ['colcon_meta']
[0.202s] Level 1:colcon.colcon_core.package_identification:_identify(src/zed-ros2-wrapper/zed_components) by extension 'colcon_meta'
[0.202s] Level 1:colcon.colcon_core.package_identification:_identify(src/zed-ros2-wrapper/zed_components) by extensions ['ros']
[0.202s] Level 1:colcon.colcon_core.package_identification:_identify(src/zed-ros2-wrapper/zed_components) by extension 'ros'
[0.203s] DEBUG:colcon.colcon_core.package_identification:Package 'src/zed-ros2-wrapper/zed_components' with type 'ros.ament_cmake' and name 'zed_components'
[0.203s] Level 1:colcon.colcon_core.package_identification:_identify(src/zed-ros2-wrapper/zed_debug) by extensions ['ignore', 'ignore_ament_install']
[0.204s] Level 1:colcon.colcon_core.package_identification:_identify(src/zed-ros2-wrapper/zed_debug) by extension 'ignore'
[0.204s] Level 1:colcon.colcon_core.package_identification:_identify(src/zed-ros2-wrapper/zed_debug) by extension 'ignore_ament_install'
[0.204s] Level 1:colcon.colcon_core.package_identification:_identify(src/zed-ros2-wrapper/zed_debug) by extensions ['colcon_pkg']
[0.204s] Level 1:colcon.colcon_core.package_identification:_identify(src/zed-ros2-wrapper/zed_debug) by extension 'colcon_pkg'
[0.204s] Level 1:colcon.colcon_core.package_identification:_identify(src/zed-ros2-wrapper/zed_debug) by extensions ['colcon_meta']
[0.204s] Level 1:colcon.colcon_core.package_identification:_identify(src/zed-ros2-wrapper/zed_debug) by extension 'colcon_meta'
[0.204s] Level 1:colcon.colcon_core.package_identification:_identify(src/zed-ros2-wrapper/zed_debug) by extensions ['ros']
[0.204s] Level 1:colcon.colcon_core.package_identification:_identify(src/zed-ros2-wrapper/zed_debug) by extension 'ros'
[0.204s] DEBUG:colcon.colcon_core.package_identification:Package 'src/zed-ros2-wrapper/zed_debug' with type 'ros.ament_cmake' and name 'zed_debug'
[0.205s] Level 1:colcon.colcon_core.package_identification:_identify(src/zed-ros2-wrapper/zed_ros2) by extensions ['ignore', 'ignore_ament_install']
[0.205s] Level 1:colcon.colcon_core.package_identification:_identify(src/zed-ros2-wrapper/zed_ros2) by extension 'ignore'
[0.205s] Level 1:colcon.colcon_core.package_identification:_identify(src/zed-ros2-wrapper/zed_ros2) by extension 'ignore_ament_install'
[0.205s] Level 1:colcon.colcon_core.package_identification:_identify(src/zed-ros2-wrapper/zed_ros2) by extensions ['colcon_pkg']
[0.205s] Level 1:colcon.colcon_core.package_identification:_identify(src/zed-ros2-wrapper/zed_ros2) by extension 'colcon_pkg'
[0.205s] Level 1:colcon.colcon_core.package_identification:_identify(src/zed-ros2-wrapper/zed_ros2) by extensions ['colcon_meta']
[0.205s] Level 1:colcon.colcon_core.package_identification:_identify(src/zed-ros2-wrapper/zed_ros2) by extension 'colcon_meta'
[0.205s] Level 1:colcon.colcon_core.package_identification:_identify(src/zed-ros2-wrapper/zed_ros2) by extensions ['ros']
[0.205s] Level 1:colcon.colcon_core.package_identification:_identify(src/zed-ros2-wrapper/zed_ros2) by extension 'ros'
[0.205s] DEBUG:colcon.colcon_core.package_identification:Package 'src/zed-ros2-wrapper/zed_ros2' with type 'ros.ament_cmake' and name 'zed_ros2'
[0.205s] Level 1:colcon.colcon_core.package_identification:_identify(src/zed-ros2-wrapper/zed_wrapper) by extensions ['ignore', 'ignore_ament_install']
[0.205s] Level 1:colcon.colcon_core.package_identification:_identify(src/zed-ros2-wrapper/zed_wrapper) by extension 'ignore'
[0.205s] Level 1:colcon.colcon_core.package_identification:_identify(src/zed-ros2-wrapper/zed_wrapper) by extension 'ignore_ament_install'
[0.205s] Level 1:colcon.colcon_core.package_identification:_identify(src/zed-ros2-wrapper/zed_wrapper) by extensions ['colcon_pkg']
[0.205s] Level 1:colcon.colcon_core.package_identification:_identify(src/zed-ros2-wrapper/zed_wrapper) by extension 'colcon_pkg'
[0.205s] Level 1:colcon.colcon_core.package_identification:_identify(src/zed-ros2-wrapper/zed_wrapper) by extensions ['colcon_meta']
[0.206s] Level 1:colcon.colcon_core.package_identification:_identify(src/zed-ros2-wrapper/zed_wrapper) by extension 'colcon_meta'
[0.206s] Level 1:colcon.colcon_core.package_identification:_identify(src/zed-ros2-wrapper/zed_wrapper) by extensions ['ros']
[0.206s] Level 1:colcon.colcon_core.package_identification:_identify(src/zed-ros2-wrapper/zed_wrapper) by extension 'ros'
[0.206s] DEBUG:colcon.colcon_core.package_identification:Package 'src/zed-ros2-wrapper/zed_wrapper' with type 'ros.ament_cmake' and name 'zed_wrapper'
[0.206s] Level 1:colcon.colcon_core.package_discovery:discover_packages(recursive) using defaults
[0.206s] Level 1:colcon.colcon_core.package_discovery:discover_packages(ignore) discover
[0.206s] Level 1:colcon.colcon_core.package_discovery:discover_packages(ignore) using defaults
[0.206s] Level 1:colcon.colcon_core.package_discovery:discover_packages(path) discover
[0.206s] Level 1:colcon.colcon_core.package_discovery:discover_packages(path) using defaults
[0.227s] Level 1:colcon.colcon_core.package_discovery:discover_packages(prefix_path) check parameters
[0.227s] Level 1:colcon.colcon_core.package_discovery:discover_packages(prefix_path) discover
[0.231s] DEBUG:colcon.colcon_installed_package_information.package_discovery:Found 509 installed packages in /opt/ros/humble
[0.233s] Level 1:colcon.colcon_core.package_discovery:discover_packages(prefix_path) using defaults
[0.351s] Level 5:colcon.colcon_core.verb:set package 'lite6_cube_stacker' build argument 'cmake_args' from command line to 'None'
[0.351s] Level 5:colcon.colcon_core.verb:set package 'lite6_cube_stacker' build argument 'cmake_target' from command line to 'None'
[0.351s] Level 5:colcon.colcon_core.verb:set package 'lite6_cube_stacker' build argument 'cmake_target_skip_unavailable' from command line to 'False'
[0.351s] Level 5:colcon.colcon_core.verb:set package 'lite6_cube_stacker' build argument 'cmake_clean_cache' from command line to 'False'
[0.351s] Level 5:colcon.colcon_core.verb:set package 'lite6_cube_stacker' build argument 'cmake_clean_first' from command line to 'False'
[0.351s] Level 5:colcon.colcon_core.verb:set package 'lite6_cube_stacker' build argument 'cmake_force_configure' from command line to 'False'
[0.351s] Level 5:colcon.colcon_core.verb:set package 'lite6_cube_stacker' build argument 'ament_cmake_args' from command line to 'None'
[0.351s] Level 5:colcon.colcon_core.verb:set package 'lite6_cube_stacker' build argument 'catkin_cmake_args' from command line to 'None'
[0.351s] Level 5:colcon.colcon_core.verb:set package 'lite6_cube_stacker' build argument 'catkin_skip_building_tests' from command line to 'False'
[0.351s] DEBUG:colcon.colcon_core.verb:Building package 'lite6_cube_stacker' with the following arguments: {'ament_cmake_args': None, 'build_base': '/home/raianlaptop/cv5551-s26-team-dcml/build/lite6_cube_stacker', 'catkin_cmake_args': None, 'catkin_skip_building_tests': False, 'cmake_args': None, 'cmake_clean_cache': False, 'cmake_clean_first': False, 'cmake_force_configure': False, 'cmake_target': None, 'cmake_target_skip_unavailable': False, 'install_base': '/home/raianlaptop/cv5551-s26-team-dcml/install/lite6_cube_stacker', 'merge_install': False, 'path': '/home/raianlaptop/cv5551-s26-team-dcml/src/lite6_cube_stacker', 'symlink_install': True, 'test_result_base': None}
[0.351s] Level 5:colcon.colcon_core.verb:set package 'zed_components' build argument 'cmake_args' from command line to 'None'
[0.351s] Level 5:colcon.colcon_core.verb:set package 'zed_components' build argument 'cmake_target' from command line to 'None'
[0.351s] Level 5:colcon.colcon_core.verb:set package 'zed_components' build argument 'cmake_target_skip_unavailable' from command line to 'False'
[0.351s] Level 5:colcon.colcon_core.verb:set package 'zed_components' build argument 'cmake_clean_cache' from command line to 'False'
[0.351s] Level 5:colcon.colcon_core.verb:set package 'zed_components' build argument 'cmake_clean_first' from command line to 'False'
[0.351s] Level 5:colcon.colcon_core.verb:set package 'zed_components' build argument 'cmake_force_configure' from command line to 'False'
[0.351s] Level 5:colcon.colcon_core.verb:set package 'zed_components' build argument 'ament_cmake_args' from command line to 'None'
[0.351s] Level 5:colcon.colcon_core.verb:set package 'zed_components' build argument 'catkin_cmake_args' from command line to 'None'
[0.351s] Level 5:colcon.colcon_core.verb:set package 'zed_components' build argument 'catkin_skip_building_tests' from command line to 'False'
[0.351s] DEBUG:colcon.colcon_core.verb:Building package 'zed_components' with the following arguments: {'ament_cmake_args': None, 'build_base': '/home/raianlaptop/cv5551-s26-team-dcml/build/zed_components', 'catkin_cmake_args': None, 'catkin_skip_building_tests': False, 'cmake_args': None, 'cmake_clean_cache': False, 'cmake_clean_first': False, 'cmake_force_configure': False, 'cmake_target': None, 'cmake_target_skip_unavailable': False, 'install_base': '/home/raianlaptop/cv5551-s26-team-dcml/install/zed_components', 'merge_install': False, 'path': '/home/raianlaptop/cv5551-s26-team-dcml/src/zed-ros2-wrapper/zed_components', 'symlink_install': True, 'test_result_base': None}
[0.351s] Level 5:colcon.colcon_core.verb:set package 'zed_debug' build argument 'cmake_args' from command line to 'None'
[0.351s] Level 5:colcon.colcon_core.verb:set package 'zed_debug' build argument 'cmake_target' from command line to 'None'
[0.351s] Level 5:colcon.colcon_core.verb:set package 'zed_debug' build argument 'cmake_target_skip_unavailable' from command line to 'False'
[0.351s] Level 5:colcon.colcon_core.verb:set package 'zed_debug' build argument 'cmake_clean_cache' from command line to 'False'
[0.351s] Level 5:colcon.colcon_core.verb:set package 'zed_debug' build argument 'cmake_clean_first' from command line to 'False'
[0.351s] Level 5:colcon.colcon_core.verb:set package 'zed_debug' build argument 'cmake_force_configure' from command line to 'False'
[0.351s] Level 5:colcon.colcon_core.verb:set package 'zed_debug' build argument 'ament_cmake_args' from command line to 'None'
[0.351s] Level 5:colcon.colcon_core.verb:set package 'zed_debug' build argument 'catkin_cmake_args' from command line to 'None'
[0.351s] Level 5:colcon.colcon_core.verb:set package 'zed_debug' build argument 'catkin_skip_building_tests' from command line to 'False'
[0.351s] DEBUG:colcon.colcon_core.verb:Building package 'zed_debug' with the following arguments: {'ament_cmake_args': None, 'build_base': '/home/raianlaptop/cv5551-s26-team-dcml/build/zed_debug', 'catkin_cmake_args': None, 'catkin_skip_building_tests': False, 'cmake_args': None, 'cmake_clean_cache': False, 'cmake_clean_first': False, 'cmake_force_configure': False, 'cmake_target': None, 'cmake_target_skip_unavailable': False, 'install_base': '/home/raianlaptop/cv5551-s26-team-dcml/install/zed_debug', 'merge_install': False, 'path': '/home/raianlaptop/cv5551-s26-team-dcml/src/zed-ros2-wrapper/zed_debug', 'symlink_install': True, 'test_result_base': None}
[0.352s] Level 5:colcon.colcon_core.verb:set package 'zed_wrapper' build argument 'cmake_args' from command line to 'None'
[0.352s] Level 5:colcon.colcon_core.verb:set package 'zed_wrapper' build argument 'cmake_target' from command line to 'None'
[0.352s] Level 5:colcon.colcon_core.verb:set package 'zed_wrapper' build argument 'cmake_target_skip_unavailable' from command line to 'False'
[0.352s] Level 5:colcon.colcon_core.verb:set package 'zed_wrapper' build argument 'cmake_clean_cache' from command line to 'False'
[0.352s] Level 5:colcon.colcon_core.verb:set package 'zed_wrapper' build argument 'cmake_clean_first' from command line to 'False'
[0.352s] Level 5:colcon.colcon_core.verb:set package 'zed_wrapper' build argument 'cmake_force_configure' from command line to 'False'
[0.352s] Level 5:colcon.colcon_core.verb:set package 'zed_wrapper' build argument 'ament_cmake_args' from command line to 'None'
[0.352s] Level 5:colcon.colcon_core.verb:set package 'zed_wrapper' build argument 'catkin_cmake_args' from command line to 'None'
[0.352s] Level 5:colcon.colcon_core.verb:set package 'zed_wrapper' build argument 'catkin_skip_building_tests' from command line to 'False'
[0.352s] DEBUG:colcon.colcon_core.verb:Building package 'zed_wrapper' with the following arguments: {'ament_cmake_args': None, 'build_base': '/home/raianlaptop/cv5551-s26-team-dcml/build/zed_wrapper', 'catkin_cmake_args': None, 'catkin_skip_building_tests': False, 'cmake_args': None, 'cmake_clean_cache': False, 'cmake_clean_first': False, 'cmake_force_configure': False, 'cmake_target': None, 'cmake_target_skip_unavailable': False, 'install_base': '/home/raianlaptop/cv5551-s26-team-dcml/install/zed_wrapper', 'merge_install': False, 'path': '/home/raianlaptop/cv5551-s26-team-dcml/src/zed-ros2-wrapper/zed_wrapper', 'symlink_install': True, 'test_result_base': None}
[0.352s] Level 5:colcon.colcon_core.verb:set package 'zed_ros2' build argument 'cmake_args' from command line to 'None'
[0.352s] Level 5:colcon.colcon_core.verb:set package 'zed_ros2' build argument 'cmake_target' from command line to 'None'
[0.352s] Level 5:colcon.colcon_core.verb:set package 'zed_ros2' build argument 'cmake_target_skip_unavailable' from command line to 'False'
[0.352s] Level 5:colcon.colcon_core.verb:set package 'zed_ros2' build argument 'cmake_clean_cache' from command line to 'False'
[0.352s] Level 5:colcon.colcon_core.verb:set package 'zed_ros2' build argument 'cmake_clean_first' from command line to 'False'
[0.352s] Level 5:colcon.colcon_core.verb:set package 'zed_ros2' build argument 'cmake_force_configure' from command line to 'False'
[0.352s] Level 5:colcon.colcon_core.verb:set package 'zed_ros2' build argument 'ament_cmake_args' from command line to 'None'
[0.352s] Level 5:colcon.colcon_core.verb:set package 'zed_ros2' build argument 'catkin_cmake_args' from command line to 'None'
[0.352s] Level 5:colcon.colcon_core.verb:set package 'zed_ros2' build argument 'catkin_skip_building_tests' from command line to 'False'
[0.352s] DEBUG:colcon.colcon_core.verb:Building package 'zed_ros2' with the following arguments: {'ament_cmake_args': None, 'build_base': '/home/raianlaptop/cv5551-s26-team-dcml/build/zed_ros2', 'catkin_cmake_args': None, 'catkin_skip_building_tests': False, 'cmake_args': None, 'cmake_clean_cache': False, 'cmake_clean_first': False, 'cmake_force_configure': False, 'cmake_target': None, 'cmake_target_skip_unavailable': False, 'install_base': '/home/raianlaptop/cv5551-s26-team-dcml/install/zed_ros2', 'merge_install': False, 'path': '/home/raianlaptop/cv5551-s26-team-dcml/src/zed-ros2-wrapper/zed_ros2', 'symlink_install': True, 'test_result_base': None}
[0.352s] INFO:colcon.colcon_core.executor:Executing jobs using 'parallel' executor
[0.353s] DEBUG:colcon.colcon_parallel_executor.executor.parallel:run_until_complete
[0.353s] INFO:colcon.colcon_ros.task.ament_cmake.build:Building ROS package in '/home/raianlaptop/cv5551-s26-team-dcml/src/zed-ros2-wrapper/zed_components' with build type 'ament_cmake'
[0.353s] INFO:colcon.colcon_cmake.task.cmake.build:Building CMake package in '/home/raianlaptop/cv5551-s26-team-dcml/src/zed-ros2-wrapper/zed_components'
[0.358s] INFO:colcon.colcon_core.plugin_system:Skipping extension 'colcon_core.shell.bat': Not used on non-Windows systems
[0.358s] INFO:colcon.colcon_core.shell:Skip shell extension 'powershell' for command environment: Not usable outside of PowerShell
[0.358s] DEBUG:colcon.colcon_core.shell:Skip shell extension 'dsv' for command environment
[0.361s] INFO:colcon.colcon_ros.task.ament_cmake.build:Building ROS package in '/home/raianlaptop/cv5551-s26-team-dcml/src/lite6_cube_stacker' with build type 'ament_cmake'
[0.361s] INFO:colcon.colcon_cmake.task.cmake.build:Building CMake package in '/home/raianlaptop/cv5551-s26-team-dcml/src/lite6_cube_stacker'
[0.361s] INFO:colcon.colcon_core.shell:Skip shell extension 'powershell' for command environment: Not usable outside of PowerShell
[0.361s] DEBUG:colcon.colcon_core.shell:Skip shell extension 'dsv' for command environment
[0.367s] DEBUG:colcon.colcon_core.event_handler.log_command:Invoking command in '/home/raianlaptop/cv5551-s26-team-dcml/build/zed_components': CMAKE_PREFIX_PATH=/opt/ros/humble /usr/bin/cmake /home/raianlaptop/cv5551-s26-team-dcml/src/zed-ros2-wrapper/zed_components -DAMENT_CMAKE_SYMLINK_INSTALL=1 -DCMAKE_INSTALL_PREFIX=/home/raianlaptop/cv5551-s26-team-dcml/install/zed_components
[0.371s] DEBUG:colcon.colcon_core.event_handler.log_command:Invoking command in '/home/raianlaptop/cv5551-s26-team-dcml/build/lite6_cube_stacker': CMAKE_PREFIX_PATH=/opt/ros/humble /usr/bin/cmake /home/raianlaptop/cv5551-s26-team-dcml/src/lite6_cube_stacker -DAMENT_CMAKE_SYMLINK_INSTALL=1 -DCMAKE_INSTALL_PREFIX=/home/raianlaptop/cv5551-s26-team-dcml/install/lite6_cube_stacker
[0.638s] DEBUG:colcon.colcon_core.event_handler.log_command:Invoked command in '/home/raianlaptop/cv5551-s26-team-dcml/build/lite6_cube_stacker' returned '0': CMAKE_PREFIX_PATH=/opt/ros/humble /usr/bin/cmake /home/raianlaptop/cv5551-s26-team-dcml/src/lite6_cube_stacker -DAMENT_CMAKE_SYMLINK_INSTALL=1 -DCMAKE_INSTALL_PREFIX=/home/raianlaptop/cv5551-s26-team-dcml/install/lite6_cube_stacker
[0.640s] DEBUG:colcon.colcon_core.event_handler.log_command:Invoking command in '/home/raianlaptop/cv5551-s26-team-dcml/build/lite6_cube_stacker': CMAKE_PREFIX_PATH=/opt/ros/humble /usr/bin/cmake --build /home/raianlaptop/cv5551-s26-team-dcml/build/lite6_cube_stacker -- -j16 -l16
[0.942s] DEBUG:colcon.colcon_core.event_handler.log_command:Invoked command in '/home/raianlaptop/cv5551-s26-team-dcml/build/lite6_cube_stacker' returned '0': CMAKE_PREFIX_PATH=/opt/ros/humble /usr/bin/cmake --build /home/raianlaptop/cv5551-s26-team-dcml/build/lite6_cube_stacker -- -j16 -l16
[0.955s] DEBUG:colcon.colcon_core.event_handler.log_command:Invoking command in '/home/raianlaptop/cv5551-s26-team-dcml/build/lite6_cube_stacker': CMAKE_PREFIX_PATH=/opt/ros/humble /usr/bin/cmake --install /home/raianlaptop/cv5551-s26-team-dcml/build/lite6_cube_stacker
[1.012s] Level 1:colcon.colcon_core.environment:create_environment_scripts_only(lite6_cube_stacker)
[1.012s] DEBUG:colcon.colcon_core.event_handler.log_command:Invoked command in '/home/raianlaptop/cv5551-s26-team-dcml/build/lite6_cube_stacker' returned '0': CMAKE_PREFIX_PATH=/opt/ros/humble /usr/bin/cmake --install /home/raianlaptop/cv5551-s26-team-dcml/build/lite6_cube_stacker
[1.016s] Level 1:colcon.colcon_core.environment:checking '/home/raianlaptop/cv5551-s26-team-dcml/install/lite6_cube_stacker' for CMake module files
[1.016s] Level 1:colcon.colcon_core.environment:checking '/home/raianlaptop/cv5551-s26-team-dcml/install/lite6_cube_stacker' for CMake config files
[1.017s] Level 1:colcon.colcon_core.shell:create_environment_hook('lite6_cube_stacker', 'cmake_prefix_path')
[1.017s] INFO:colcon.colcon_core.shell:Creating environment hook '/home/raianlaptop/cv5551-s26-team-dcml/install/lite6_cube_stacker/share/lite6_cube_stacker/hook/cmake_prefix_path.ps1'
[1.018s] INFO:colcon.colcon_core.shell:Creating environment descriptor '/home/raianlaptop/cv5551-s26-team-dcml/install/lite6_cube_stacker/share/lite6_cube_stacker/hook/cmake_prefix_path.dsv'
[1.018s] INFO:colcon.colcon_core.shell:Creating environment hook '/home/raianlaptop/cv5551-s26-team-dcml/install/lite6_cube_stacker/share/lite6_cube_stacker/hook/cmake_prefix_path.sh'
[1.019s] Level 1:colcon.colcon_core.environment:checking '/home/raianlaptop/cv5551-s26-team-dcml/install/lite6_cube_stacker/lib'
[1.019s] Level 1:colcon.colcon_core.environment:checking '/home/raianlaptop/cv5551-s26-team-dcml/install/lite6_cube_stacker/bin'
[1.019s] Level 1:colcon.colcon_core.environment:checking '/home/raianlaptop/cv5551-s26-team-dcml/install/lite6_cube_stacker/lib/pkgconfig/lite6_cube_stacker.pc'
[1.019s] Level 1:colcon.colcon_core.environment:checking '/home/raianlaptop/cv5551-s26-team-dcml/install/lite6_cube_stacker/lib/python3.10/site-packages'
[1.019s] Level 1:colcon.colcon_core.environment:checking '/home/raianlaptop/cv5551-s26-team-dcml/install/lite6_cube_stacker/bin'
[1.020s] INFO:colcon.colcon_core.shell:Creating package script '/home/raianlaptop/cv5551-s26-team-dcml/install/lite6_cube_stacker/share/lite6_cube_stacker/package.ps1'
[1.020s] INFO:colcon.colcon_core.shell:Creating package descriptor '/home/raianlaptop/cv5551-s26-team-dcml/install/lite6_cube_stacker/share/lite6_cube_stacker/package.dsv'
[1.021s] INFO:colcon.colcon_core.shell:Creating package script '/home/raianlaptop/cv5551-s26-team-dcml/install/lite6_cube_stacker/share/lite6_cube_stacker/package.sh'
[1.021s] INFO:colcon.colcon_core.shell:Creating package script '/home/raianlaptop/cv5551-s26-team-dcml/install/lite6_cube_stacker/share/lite6_cube_stacker/package.bash'
[1.022s] INFO:colcon.colcon_core.shell:Creating package script '/home/raianlaptop/cv5551-s26-team-dcml/install/lite6_cube_stacker/share/lite6_cube_stacker/package.zsh'
[1.023s] Level 1:colcon.colcon_core.environment:create_file_with_runtime_dependencies(/home/raianlaptop/cv5551-s26-team-dcml/install/lite6_cube_stacker/share/colcon-core/packages/lite6_cube_stacker)
[1.023s] Level 1:colcon.colcon_core.environment:create_environment_scripts_only(lite6_cube_stacker)
[1.023s] Level 1:colcon.colcon_core.environment:checking '/home/raianlaptop/cv5551-s26-team-dcml/install/lite6_cube_stacker' for CMake module files
[1.023s] Level 1:colcon.colcon_core.environment:checking '/home/raianlaptop/cv5551-s26-team-dcml/install/lite6_cube_stacker' for CMake config files
[1.024s] Level 1:colcon.colcon_core.shell:create_environment_hook('lite6_cube_stacker', 'cmake_prefix_path')
[1.024s] INFO:colcon.colcon_core.shell:Creating environment hook '/home/raianlaptop/cv5551-s26-team-dcml/install/lite6_cube_stacker/share/lite6_cube_stacker/hook/cmake_prefix_path.ps1'
[1.024s] INFO:colcon.colcon_core.shell:Creating environment descriptor '/home/raianlaptop/cv5551-s26-team-dcml/install/lite6_cube_stacker/share/lite6_cube_stacker/hook/cmake_prefix_path.dsv'
[1.024s] INFO:colcon.colcon_core.shell:Creating environment hook '/home/raianlaptop/cv5551-s26-team-dcml/install/lite6_cube_stacker/share/lite6_cube_stacker/hook/cmake_prefix_path.sh'
[1.025s] Level 1:colcon.colcon_core.environment:checking '/home/raianlaptop/cv5551-s26-team-dcml/install/lite6_cube_stacker/lib'
[1.025s] Level 1:colcon.colcon_core.environment:checking '/home/raianlaptop/cv5551-s26-team-dcml/install/lite6_cube_stacker/bin'
[1.025s] Level 1:colcon.colcon_core.environment:checking '/home/raianlaptop/cv5551-s26-team-dcml/install/lite6_cube_stacker/lib/pkgconfig/lite6_cube_stacker.pc'
[1.025s] Level 1:colcon.colcon_core.environment:checking '/home/raianlaptop/cv5551-s26-team-dcml/install/lite6_cube_stacker/lib/python3.10/site-packages'
[1.025s] Level 1:colcon.colcon_core.environment:checking '/home/raianlaptop/cv5551-s26-team-dcml/install/lite6_cube_stacker/bin'
[1.025s] INFO:colcon.colcon_core.shell:Creating package script '/home/raianlaptop/cv5551-s26-team-dcml/install/lite6_cube_stacker/share/lite6_cube_stacker/package.ps1'
[1.026s] INFO:colcon.colcon_core.shell:Creating package descriptor '/home/raianlaptop/cv5551-s26-team-dcml/install/lite6_cube_stacker/share/lite6_cube_stacker/package.dsv'
[1.026s] INFO:colcon.colcon_core.shell:Creating package script '/home/raianlaptop/cv5551-s26-team-dcml/install/lite6_cube_stacker/share/lite6_cube_stacker/package.sh'
[1.027s] INFO:colcon.colcon_core.shell:Creating package script '/home/raianlaptop/cv5551-s26-team-dcml/install/lite6_cube_stacker/share/lite6_cube_stacker/package.bash'
[1.027s] INFO:colcon.colcon_core.shell:Creating package script '/home/raianlaptop/cv5551-s26-team-dcml/install/lite6_cube_stacker/share/lite6_cube_stacker/package.zsh'
[1.027s] Level 1:colcon.colcon_core.environment:create_file_with_runtime_dependencies(/home/raianlaptop/cv5551-s26-team-dcml/install/lite6_cube_stacker/share/colcon-core/packages/lite6_cube_stacker)
[2.139s] DEBUG:colcon.colcon_core.event_handler.log_command:Invoked command in '/home/raianlaptop/cv5551-s26-team-dcml/build/zed_components' returned '0': CMAKE_PREFIX_PATH=/opt/ros/humble /usr/bin/cmake /home/raianlaptop/cv5551-s26-team-dcml/src/zed-ros2-wrapper/zed_components -DAMENT_CMAKE_SYMLINK_INSTALL=1 -DCMAKE_INSTALL_PREFIX=/home/raianlaptop/cv5551-s26-team-dcml/install/zed_components
[2.140s] DEBUG:colcon.colcon_core.event_handler.log_command:Invoking command in '/home/raianlaptop/cv5551-s26-team-dcml/build/zed_components': CMAKE_PREFIX_PATH=/opt/ros/humble /usr/bin/cmake --build /home/raianlaptop/cv5551-s26-team-dcml/build/zed_components -- -j16 -l16
[51.541s] DEBUG:colcon.colcon_core.event_handler.log_command:Invoked command in '/home/raianlaptop/cv5551-s26-team-dcml/build/zed_components' returned '0': CMAKE_PREFIX_PATH=/opt/ros/humble /usr/bin/cmake --build /home/raianlaptop/cv5551-s26-team-dcml/build/zed_components -- -j16 -l16
[51.542s] DEBUG:colcon.colcon_core.event_handler.log_command:Invoking command in '/home/raianlaptop/cv5551-s26-team-dcml/build/zed_components': CMAKE_PREFIX_PATH=/opt/ros/humble /usr/bin/cmake --install /home/raianlaptop/cv5551-s26-team-dcml/build/zed_components
[51.874s] Level 1:colcon.colcon_core.environment:create_environment_scripts_only(zed_components)
[51.874s] Level 1:colcon.colcon_core.environment:checking '/home/raianlaptop/cv5551-s26-team-dcml/install/zed_components' for CMake module files
[51.875s] DEBUG:colcon.colcon_core.event_handler.log_command:Invoked command in '/home/raianlaptop/cv5551-s26-team-dcml/build/zed_components' returned '0': CMAKE_PREFIX_PATH=/opt/ros/humble /usr/bin/cmake --install /home/raianlaptop/cv5551-s26-team-dcml/build/zed_components
[51.875s] Level 1:colcon.colcon_core.environment:checking '/home/raianlaptop/cv5551-s26-team-dcml/install/zed_components' for CMake config files
[51.878s] Level 1:colcon.colcon_core.shell:create_environment_hook('zed_components', 'cmake_prefix_path')
[51.878s] INFO:colcon.colcon_core.shell:Creating environment hook '/home/raianlaptop/cv5551-s26-team-dcml/install/zed_components/share/zed_components/hook/cmake_prefix_path.ps1'
[51.878s] INFO:colcon.colcon_core.shell:Creating environment descriptor '/home/raianlaptop/cv5551-s26-team-dcml/install/zed_components/share/zed_components/hook/cmake_prefix_path.dsv'
[51.878s] INFO:colcon.colcon_core.shell:Creating environment hook '/home/raianlaptop/cv5551-s26-team-dcml/install/zed_components/share/zed_components/hook/cmake_prefix_path.sh'
[51.879s] Level 1:colcon.colcon_core.environment:checking '/home/raianlaptop/cv5551-s26-team-dcml/install/zed_components/lib'
[51.879s] Level 1:colcon.colcon_core.shell:create_environment_hook('zed_components', 'ld_library_path_lib')
[51.879s] INFO:colcon.colcon_core.shell:Creating environment hook '/home/raianlaptop/cv5551-s26-team-dcml/install/zed_components/share/zed_components/hook/ld_library_path_lib.ps1'
[51.880s] INFO:colcon.colcon_core.shell:Creating environment descriptor '/home/raianlaptop/cv5551-s26-team-dcml/install/zed_components/share/zed_components/hook/ld_library_path_lib.dsv'
[51.880s] INFO:colcon.colcon_core.shell:Creating environment hook '/home/raianlaptop/cv5551-s26-team-dcml/install/zed_components/share/zed_components/hook/ld_library_path_lib.sh'
[51.880s] Level 1:colcon.colcon_core.environment:checking '/home/raianlaptop/cv5551-s26-team-dcml/install/zed_components/bin'
[51.880s] Level 1:colcon.colcon_core.environment:checking '/home/raianlaptop/cv5551-s26-team-dcml/install/zed_components/lib/pkgconfig/zed_components.pc'
[51.880s] Level 1:colcon.colcon_core.environment:checking '/home/raianlaptop/cv5551-s26-team-dcml/install/zed_components/lib/python3.10/site-packages'
[51.881s] Level 1:colcon.colcon_core.environment:checking '/home/raianlaptop/cv5551-s26-team-dcml/install/zed_components/bin'
[51.881s] INFO:colcon.colcon_core.shell:Creating package script '/home/raianlaptop/cv5551-s26-team-dcml/install/zed_components/share/zed_components/package.ps1'
[51.882s] INFO:colcon.colcon_core.shell:Creating package descriptor '/home/raianlaptop/cv5551-s26-team-dcml/install/zed_components/share/zed_components/package.dsv'
[51.882s] INFO:colcon.colcon_core.shell:Creating package script '/home/raianlaptop/cv5551-s26-team-dcml/install/zed_components/share/zed_components/package.sh'
[51.882s] INFO:colcon.colcon_core.shell:Creating package script '/home/raianlaptop/cv5551-s26-team-dcml/install/zed_components/share/zed_components/package.bash'
[51.883s] INFO:colcon.colcon_core.shell:Creating package script '/home/raianlaptop/cv5551-s26-team-dcml/install/zed_components/share/zed_components/package.zsh'
[51.883s] Level 1:colcon.colcon_core.environment:create_file_with_runtime_dependencies(/home/raianlaptop/cv5551-s26-team-dcml/install/zed_components/share/colcon-core/packages/zed_components)
[51.883s] Level 1:colcon.colcon_core.environment:create_environment_scripts_only(zed_components)
[51.884s] Level 1:colcon.colcon_core.environment:checking '/home/raianlaptop/cv5551-s26-team-dcml/install/zed_components' for CMake module files
[51.884s] Level 1:colcon.colcon_core.environment:checking '/home/raianlaptop/cv5551-s26-team-dcml/install/zed_components' for CMake config files
[51.884s] Level 1:colcon.colcon_core.shell:create_environment_hook('zed_components', 'cmake_prefix_path')
[51.884s] INFO:colcon.colcon_core.shell:Creating environment hook '/home/raianlaptop/cv5551-s26-team-dcml/install/zed_components/share/zed_components/hook/cmake_prefix_path.ps1'
[51.885s] INFO:colcon.colcon_core.shell:Creating environment descriptor '/home/raianlaptop/cv5551-s26-team-dcml/install/zed_components/share/zed_components/hook/cmake_prefix_path.dsv'
[51.885s] INFO:colcon.colcon_core.shell:Creating environment hook '/home/raianlaptop/cv5551-s26-team-dcml/install/zed_components/share/zed_components/hook/cmake_prefix_path.sh'
[51.885s] Level 1:colcon.colcon_core.environment:checking '/home/raianlaptop/cv5551-s26-team-dcml/install/zed_components/lib'
[51.885s] Level 1:colcon.colcon_core.shell:create_environment_hook('zed_components', 'ld_library_path_lib')
[51.886s] INFO:colcon.colcon_core.shell:Creating environment hook '/home/raianlaptop/cv5551-s26-team-dcml/install/zed_components/share/zed_components/hook/ld_library_path_lib.ps1'
[51.886s] INFO:colcon.colcon_core.shell:Creating environment descriptor '/home/raianlaptop/cv5551-s26-team-dcml/install/zed_components/share/zed_components/hook/ld_library_path_lib.dsv'
[51.886s] INFO:colcon.colcon_core.shell:Creating environment hook '/home/raianlaptop/cv5551-s26-team-dcml/install/zed_components/share/zed_components/hook/ld_library_path_lib.sh'
[51.886s] Level 1:colcon.colcon_core.environment:checking '/home/raianlaptop/cv5551-s26-team-dcml/install/zed_components/bin'
[51.886s] Level 1:colcon.colcon_core.environment:checking '/home/raianlaptop/cv5551-s26-team-dcml/install/zed_components/lib/pkgconfig/zed_components.pc'
[51.886s] Level 1:colcon.colcon_core.environment:checking '/home/raianlaptop/cv5551-s26-team-dcml/install/zed_components/lib/python3.10/site-packages'
[51.887s] Level 1:colcon.colcon_core.environment:checking '/home/raianlaptop/cv5551-s26-team-dcml/install/zed_components/bin'
[51.887s] INFO:colcon.colcon_core.shell:Creating package script '/home/raianlaptop/cv5551-s26-team-dcml/install/zed_components/share/zed_components/package.ps1'
[51.887s] INFO:colcon.colcon_core.shell:Creating package descriptor '/home/raianlaptop/cv5551-s26-team-dcml/install/zed_components/share/zed_components/package.dsv'
[51.888s] INFO:colcon.colcon_core.shell:Creating package script '/home/raianlaptop/cv5551-s26-team-dcml/install/zed_components/share/zed_components/package.sh'
[51.888s] INFO:colcon.colcon_core.shell:Creating package script '/home/raianlaptop/cv5551-s26-team-dcml/install/zed_components/share/zed_components/package.bash'
[51.888s] INFO:colcon.colcon_core.shell:Creating package script '/home/raianlaptop/cv5551-s26-team-dcml/install/zed_components/share/zed_components/package.zsh'
[51.888s] Level 1:colcon.colcon_core.environment:create_file_with_runtime_dependencies(/home/raianlaptop/cv5551-s26-team-dcml/install/zed_components/share/colcon-core/packages/zed_components)
[51.889s] INFO:colcon.colcon_ros.task.ament_cmake.build:Building ROS package in '/home/raianlaptop/cv5551-s26-team-dcml/src/zed-ros2-wrapper/zed_debug' with build type 'ament_cmake'
[51.889s] INFO:colcon.colcon_cmake.task.cmake.build:Building CMake package in '/home/raianlaptop/cv5551-s26-team-dcml/src/zed-ros2-wrapper/zed_debug'
[51.889s] INFO:colcon.colcon_core.shell:Skip shell extension 'powershell' for command environment: Not usable outside of PowerShell
[51.889s] DEBUG:colcon.colcon_core.shell:Skip shell extension 'dsv' for command environment
[51.893s] INFO:colcon.colcon_ros.task.ament_cmake.build:Building ROS package in '/home/raianlaptop/cv5551-s26-team-dcml/src/zed-ros2-wrapper/zed_wrapper' with build type 'ament_cmake'
[51.893s] INFO:colcon.colcon_cmake.task.cmake.build:Building CMake package in '/home/raianlaptop/cv5551-s26-team-dcml/src/zed-ros2-wrapper/zed_wrapper'
[51.893s] INFO:colcon.colcon_core.shell:Skip shell extension 'powershell' for command environment: Not usable outside of PowerShell
[51.893s] DEBUG:colcon.colcon_core.shell:Skip shell extension 'dsv' for command environment
[51.901s] DEBUG:colcon.colcon_core.event_handler.log_command:Invoking command in '/home/raianlaptop/cv5551-s26-team-dcml/build/zed_debug': AMENT_PREFIX_PATH=/home/raianlaptop/cv5551-s26-team-dcml/install/zed_components:${AMENT_PREFIX_PATH} CMAKE_PREFIX_PATH=/home/raianlaptop/cv5551-s26-team-dcml/install/zed_components:/opt/ros/humble LD_LIBRARY_PATH=/home/raianlaptop/cv5551-s26-team-dcml/install/zed_components/lib:/usr/lib/x86_64-linux-gnu/gazebo-11/plugins:/opt/ros/humble/opt/rviz_ogre_vendor/lib:/opt/ros/humble/lib/x86_64-linux-gnu:/opt/ros/humble/lib:/usr/lib/x86_64-linux-gnu/gazebo-11/plugins /usr/bin/cmake /home/raianlaptop/cv5551-s26-team-dcml/src/zed-ros2-wrapper/zed_debug -DAMENT_CMAKE_SYMLINK_INSTALL=1 -DCMAKE_INSTALL_PREFIX=/home/raianlaptop/cv5551-s26-team-dcml/install/zed_debug
[51.903s] DEBUG:colcon.colcon_core.event_handler.log_command:Invoking command in '/home/raianlaptop/cv5551-s26-team-dcml/build/zed_wrapper': AMENT_PREFIX_PATH=/home/raianlaptop/cv5551-s26-team-dcml/install/zed_components:${AMENT_PREFIX_PATH} CMAKE_PREFIX_PATH=/home/raianlaptop/cv5551-s26-team-dcml/install/zed_components:/opt/ros/humble LD_LIBRARY_PATH=/home/raianlaptop/cv5551-s26-team-dcml/install/zed_components/lib:/usr/lib/x86_64-linux-gnu/gazebo-11/plugins:/opt/ros/humble/opt/rviz_ogre_vendor/lib:/opt/ros/humble/lib/x86_64-linux-gnu:/opt/ros/humble/lib:/usr/lib/x86_64-linux-gnu/gazebo-11/plugins /usr/bin/cmake /home/raianlaptop/cv5551-s26-team-dcml/src/zed-ros2-wrapper/zed_wrapper -DAMENT_CMAKE_SYMLINK_INSTALL=1 -DCMAKE_INSTALL_PREFIX=/home/raianlaptop/cv5551-s26-team-dcml/install/zed_wrapper
[53.226s] DEBUG:colcon.colcon_core.event_handler.log_command:Invoked command in '/home/raianlaptop/cv5551-s26-team-dcml/build/zed_wrapper' returned '0': AMENT_PREFIX_PATH=/home/raianlaptop/cv5551-s26-team-dcml/install/zed_components:${AMENT_PREFIX_PATH} CMAKE_PREFIX_PATH=/home/raianlaptop/cv5551-s26-team-dcml/install/zed_components:/opt/ros/humble LD_LIBRARY_PATH=/home/raianlaptop/cv5551-s26-team-dcml/install/zed_components/lib:/usr/lib/x86_64-linux-gnu/gazebo-11/plugins:/opt/ros/humble/opt/rviz_ogre_vendor/lib:/opt/ros/humble/lib/x86_64-linux-gnu:/opt/ros/humble/lib:/usr/lib/x86_64-linux-gnu/gazebo-11/plugins /usr/bin/cmake /home/raianlaptop/cv5551-s26-team-dcml/src/zed-ros2-wrapper/zed_wrapper -DAMENT_CMAKE_SYMLINK_INSTALL=1 -DCMAKE_INSTALL_PREFIX=/home/raianlaptop/cv5551-s26-team-dcml/install/zed_wrapper
[53.228s] DEBUG:colcon.colcon_core.event_handler.log_command:Invoking command in '/home/raianlaptop/cv5551-s26-team-dcml/build/zed_wrapper': AMENT_PREFIX_PATH=/home/raianlaptop/cv5551-s26-team-dcml/install/zed_components:${AMENT_PREFIX_PATH} CMAKE_PREFIX_PATH=/home/raianlaptop/cv5551-s26-team-dcml/install/zed_components:/opt/ros/humble LD_LIBRARY_PATH=/home/raianlaptop/cv5551-s26-team-dcml/install/zed_components/lib:/usr/lib/x86_64-linux-gnu/gazebo-11/plugins:/opt/ros/humble/opt/rviz_ogre_vendor/lib:/opt/ros/humble/lib/x86_64-linux-gnu:/opt/ros/humble/lib:/usr/lib/x86_64-linux-gnu/gazebo-11/plugins /usr/bin/cmake --build /home/raianlaptop/cv5551-s26-team-dcml/build/zed_wrapper -- -j16 -l16
[53.258s] DEBUG:colcon.colcon_core.event_handler.log_command:Invoked command in '/home/raianlaptop/cv5551-s26-team-dcml/build/zed_wrapper' returned '0': AMENT_PREFIX_PATH=/home/raianlaptop/cv5551-s26-team-dcml/install/zed_components:${AMENT_PREFIX_PATH} CMAKE_PREFIX_PATH=/home/raianlaptop/cv5551-s26-team-dcml/install/zed_components:/opt/ros/humble LD_LIBRARY_PATH=/home/raianlaptop/cv5551-s26-team-dcml/install/zed_components/lib:/usr/lib/x86_64-linux-gnu/gazebo-11/plugins:/opt/ros/humble/opt/rviz_ogre_vendor/lib:/opt/ros/humble/lib/x86_64-linux-gnu:/opt/ros/humble/lib:/usr/lib/x86_64-linux-gnu/gazebo-11/plugins /usr/bin/cmake --build /home/raianlaptop/cv5551-s26-team-dcml/build/zed_wrapper -- -j16 -l16
[53.260s] DEBUG:colcon.colcon_core.event_handler.log_command:Invoking command in '/home/raianlaptop/cv5551-s26-team-dcml/build/zed_wrapper': AMENT_PREFIX_PATH=/home/raianlaptop/cv5551-s26-team-dcml/install/zed_components:${AMENT_PREFIX_PATH} CMAKE_PREFIX_PATH=/home/raianlaptop/cv5551-s26-team-dcml/install/zed_components:/opt/ros/humble LD_LIBRARY_PATH=/home/raianlaptop/cv5551-s26-team-dcml/install/zed_components/lib:/usr/lib/x86_64-linux-gnu/gazebo-11/plugins:/opt/ros/humble/opt/rviz_ogre_vendor/lib:/opt/ros/humble/lib/x86_64-linux-gnu:/opt/ros/humble/lib:/usr/lib/x86_64-linux-gnu/gazebo-11/plugins /usr/bin/cmake --install /home/raianlaptop/cv5551-s26-team-dcml/build/zed_wrapper
[53.499s] Level 1:colcon.colcon_core.environment:create_environment_scripts_only(zed_wrapper)
[53.499s] Level 1:colcon.colcon_core.environment:checking '/home/raianlaptop/cv5551-s26-team-dcml/install/zed_wrapper' for CMake module files
[53.500s] DEBUG:colcon.colcon_core.event_handler.log_command:Invoked command in '/home/raianlaptop/cv5551-s26-team-dcml/build/zed_wrapper' returned '0': AMENT_PREFIX_PATH=/home/raianlaptop/cv5551-s26-team-dcml/install/zed_components:${AMENT_PREFIX_PATH} CMAKE_PREFIX_PATH=/home/raianlaptop/cv5551-s26-team-dcml/install/zed_components:/opt/ros/humble LD_LIBRARY_PATH=/home/raianlaptop/cv5551-s26-team-dcml/install/zed_components/lib:/usr/lib/x86_64-linux-gnu/gazebo-11/plugins:/opt/ros/humble/opt/rviz_ogre_vendor/lib:/opt/ros/humble/lib/x86_64-linux-gnu:/opt/ros/humble/lib:/usr/lib/x86_64-linux-gnu/gazebo-11/plugins /usr/bin/cmake --install /home/raianlaptop/cv5551-s26-team-dcml/build/zed_wrapper
[53.500s] Level 1:colcon.colcon_core.environment:checking '/home/raianlaptop/cv5551-s26-team-dcml/install/zed_wrapper' for CMake config files
[53.500s] Level 1:colcon.colcon_core.shell:create_environment_hook('zed_wrapper', 'cmake_prefix_path')
[53.500s] INFO:colcon.colcon_core.shell:Creating environment hook '/home/raianlaptop/cv5551-s26-team-dcml/install/zed_wrapper/share/zed_wrapper/hook/cmake_prefix_path.ps1'
[53.500s] INFO:colcon.colcon_core.shell:Creating environment descriptor '/home/raianlaptop/cv5551-s26-team-dcml/install/zed_wrapper/share/zed_wrapper/hook/cmake_prefix_path.dsv'
[53.501s] INFO:colcon.colcon_core.shell:Creating environment hook '/home/raianlaptop/cv5551-s26-team-dcml/install/zed_wrapper/share/zed_wrapper/hook/cmake_prefix_path.sh'
[53.501s] Level 1:colcon.colcon_core.environment:checking '/home/raianlaptop/cv5551-s26-team-dcml/install/zed_wrapper/bin'
[53.501s] Level 1:colcon.colcon_core.environment:checking '/home/raianlaptop/cv5551-s26-team-dcml/install/zed_wrapper/lib/pkgconfig/zed_wrapper.pc'
[53.501s] Level 1:colcon.colcon_core.environment:checking '/home/raianlaptop/cv5551-s26-team-dcml/install/zed_wrapper/lib/python3.10/site-packages'
[53.502s] Level 1:colcon.colcon_core.environment:checking '/home/raianlaptop/cv5551-s26-team-dcml/install/zed_wrapper/bin'
[53.502s] INFO:colcon.colcon_core.shell:Creating package script '/home/raianlaptop/cv5551-s26-team-dcml/install/zed_wrapper/share/zed_wrapper/package.ps1'
[53.502s] INFO:colcon.colcon_core.shell:Creating package descriptor '/home/raianlaptop/cv5551-s26-team-dcml/install/zed_wrapper/share/zed_wrapper/package.dsv'
[53.502s] INFO:colcon.colcon_core.shell:Creating package script '/home/raianlaptop/cv5551-s26-team-dcml/install/zed_wrapper/share/zed_wrapper/package.sh'
[53.502s] INFO:colcon.colcon_core.shell:Creating package script '/home/raianlaptop/cv5551-s26-team-dcml/install/zed_wrapper/share/zed_wrapper/package.bash'
[53.503s] INFO:colcon.colcon_core.shell:Creating package script '/home/raianlaptop/cv5551-s26-team-dcml/install/zed_wrapper/share/zed_wrapper/package.zsh'
[53.503s] Level 1:colcon.colcon_core.environment:create_file_with_runtime_dependencies(/home/raianlaptop/cv5551-s26-team-dcml/install/zed_wrapper/share/colcon-core/packages/zed_wrapper)
[53.503s] Level 1:colcon.colcon_core.environment:create_environment_scripts_only(zed_wrapper)
[53.503s] Level 1:colcon.colcon_core.environment:checking '/home/raianlaptop/cv5551-s26-team-dcml/install/zed_wrapper' for CMake module files
[53.503s] Level 1:colcon.colcon_core.environment:checking '/home/raianlaptop/cv5551-s26-team-dcml/install/zed_wrapper' for CMake config files
[53.504s] Level 1:colcon.colcon_core.shell:create_environment_hook('zed_wrapper', 'cmake_prefix_path')
[53.504s] INFO:colcon.colcon_core.shell:Creating environment hook '/home/raianlaptop/cv5551-s26-team-dcml/install/zed_wrapper/share/zed_wrapper/hook/cmake_prefix_path.ps1'
[53.504s] INFO:colcon.colcon_core.shell:Creating environment descriptor '/home/raianlaptop/cv5551-s26-team-dcml/install/zed_wrapper/share/zed_wrapper/hook/cmake_prefix_path.dsv'
[53.504s] INFO:colcon.colcon_core.shell:Creating environment hook '/home/raianlaptop/cv5551-s26-team-dcml/install/zed_wrapper/share/zed_wrapper/hook/cmake_prefix_path.sh'
[53.504s] Level 1:colcon.colcon_core.environment:checking '/home/raianlaptop/cv5551-s26-team-dcml/install/zed_wrapper/bin'
[53.504s] Level 1:colcon.colcon_core.environment:checking '/home/raianlaptop/cv5551-s26-team-dcml/install/zed_wrapper/lib/pkgconfig/zed_wrapper.pc'
[53.505s] Level 1:colcon.colcon_core.environment:checking '/home/raianlaptop/cv5551-s26-team-dcml/install/zed_wrapper/lib/python3.10/site-packages'
[53.505s] Level 1:colcon.colcon_core.environment:checking '/home/raianlaptop/cv5551-s26-team-dcml/install/zed_wrapper/bin'
[53.505s] INFO:colcon.colcon_core.shell:Creating package script '/home/raianlaptop/cv5551-s26-team-dcml/install/zed_wrapper/share/zed_wrapper/package.ps1'
[53.505s] INFO:colcon.colcon_core.shell:Creating package descriptor '/home/raianlaptop/cv5551-s26-team-dcml/install/zed_wrapper/share/zed_wrapper/package.dsv'
[53.505s] INFO:colcon.colcon_core.shell:Creating package script '/home/raianlaptop/cv5551-s26-team-dcml/install/zed_wrapper/share/zed_wrapper/package.sh'
[53.506s] INFO:colcon.colcon_core.shell:Creating package script '/home/raianlaptop/cv5551-s26-team-dcml/install/zed_wrapper/share/zed_wrapper/package.bash'
[53.506s] INFO:colcon.colcon_core.shell:Creating package script '/home/raianlaptop/cv5551-s26-team-dcml/install/zed_wrapper/share/zed_wrapper/package.zsh'
[53.506s] Level 1:colcon.colcon_core.environment:create_file_with_runtime_dependencies(/home/raianlaptop/cv5551-s26-team-dcml/install/zed_wrapper/share/colcon-core/packages/zed_wrapper)
[53.583s] DEBUG:colcon.colcon_core.event_handler.log_command:Invoked command in '/home/raianlaptop/cv5551-s26-team-dcml/build/zed_debug' returned '0': AMENT_PREFIX_PATH=/home/raianlaptop/cv5551-s26-team-dcml/install/zed_components:${AMENT_PREFIX_PATH} CMAKE_PREFIX_PATH=/home/raianlaptop/cv5551-s26-team-dcml/install/zed_components:/opt/ros/humble LD_LIBRARY_PATH=/home/raianlaptop/cv5551-s26-team-dcml/install/zed_components/lib:/usr/lib/x86_64-linux-gnu/gazebo-11/plugins:/opt/ros/humble/opt/rviz_ogre_vendor/lib:/opt/ros/humble/lib/x86_64-linux-gnu:/opt/ros/humble/lib:/usr/lib/x86_64-linux-gnu/gazebo-11/plugins /usr/bin/cmake /home/raianlaptop/cv5551-s26-team-dcml/src/zed-ros2-wrapper/zed_debug -DAMENT_CMAKE_SYMLINK_INSTALL=1 -DCMAKE_INSTALL_PREFIX=/home/raianlaptop/cv5551-s26-team-dcml/install/zed_debug
[53.584s] DEBUG:colcon.colcon_core.event_handler.log_command:Invoking command in '/home/raianlaptop/cv5551-s26-team-dcml/build/zed_debug': AMENT_PREFIX_PATH=/home/raianlaptop/cv5551-s26-team-dcml/install/zed_components:${AMENT_PREFIX_PATH} CMAKE_PREFIX_PATH=/home/raianlaptop/cv5551-s26-team-dcml/install/zed_components:/opt/ros/humble LD_LIBRARY_PATH=/home/raianlaptop/cv5551-s26-team-dcml/install/zed_components/lib:/usr/lib/x86_64-linux-gnu/gazebo-11/plugins:/opt/ros/humble/opt/rviz_ogre_vendor/lib:/opt/ros/humble/lib/x86_64-linux-gnu:/opt/ros/humble/lib:/usr/lib/x86_64-linux-gnu/gazebo-11/plugins /usr/bin/cmake --build /home/raianlaptop/cv5551-s26-team-dcml/build/zed_debug -- -j16 -l16
[58.001s] DEBUG:colcon.colcon_core.event_handler.log_command:Invoked command in '/home/raianlaptop/cv5551-s26-team-dcml/build/zed_debug' returned '2': AMENT_PREFIX_PATH=/home/raianlaptop/cv5551-s26-team-dcml/install/zed_components:${AMENT_PREFIX_PATH} CMAKE_PREFIX_PATH=/home/raianlaptop/cv5551-s26-team-dcml/install/zed_components:/opt/ros/humble LD_LIBRARY_PATH=/home/raianlaptop/cv5551-s26-team-dcml/install/zed_components/lib:/usr/lib/x86_64-linux-gnu/gazebo-11/plugins:/opt/ros/humble/opt/rviz_ogre_vendor/lib:/opt/ros/humble/lib/x86_64-linux-gnu:/opt/ros/humble/lib:/usr/lib/x86_64-linux-gnu/gazebo-11/plugins /usr/bin/cmake --build /home/raianlaptop/cv5551-s26-team-dcml/build/zed_debug -- -j16 -l16
[58.001s] Level 1:colcon.colcon_core.environment:create_environment_scripts_only(zed_debug)
[58.002s] Level 1:colcon.colcon_core.environment:checking '/home/raianlaptop/cv5551-s26-team-dcml/install/zed_debug' for CMake module files
[58.002s] Level 1:colcon.colcon_core.environment:checking '/home/raianlaptop/cv5551-s26-team-dcml/install/zed_debug' for CMake config files
[58.002s] Level 1:colcon.colcon_core.environment:checking '/home/raianlaptop/cv5551-s26-team-dcml/install/zed_debug/bin'
[58.002s] Level 1:colcon.colcon_core.environment:checking '/home/raianlaptop/cv5551-s26-team-dcml/install/zed_debug/lib/pkgconfig/zed_debug.pc'
[58.002s] Level 1:colcon.colcon_core.environment:checking '/home/raianlaptop/cv5551-s26-team-dcml/install/zed_debug/lib/python3.10/site-packages'
[58.002s] Level 1:colcon.colcon_core.environment:checking '/home/raianlaptop/cv5551-s26-team-dcml/install/zed_debug/bin'
[58.003s] INFO:colcon.colcon_core.shell:Creating package script '/home/raianlaptop/cv5551-s26-team-dcml/install/zed_debug/share/zed_debug/package.ps1'
[58.003s] INFO:colcon.colcon_core.shell:Creating package descriptor '/home/raianlaptop/cv5551-s26-team-dcml/install/zed_debug/share/zed_debug/package.dsv'
[58.004s] INFO:colcon.colcon_core.shell:Creating package script '/home/raianlaptop/cv5551-s26-team-dcml/install/zed_debug/share/zed_debug/package.sh'
[58.004s] INFO:colcon.colcon_core.shell:Creating package script '/home/raianlaptop/cv5551-s26-team-dcml/install/zed_debug/share/zed_debug/package.bash'
[58.005s] INFO:colcon.colcon_core.shell:Creating package script '/home/raianlaptop/cv5551-s26-team-dcml/install/zed_debug/share/zed_debug/package.zsh'
[58.005s] Level 1:colcon.colcon_core.environment:create_file_with_runtime_dependencies(/home/raianlaptop/cv5551-s26-team-dcml/install/zed_debug/share/colcon-core/packages/zed_debug)
[58.015s] DEBUG:colcon.colcon_parallel_executor.executor.parallel:closing loop
[58.016s] DEBUG:colcon.colcon_parallel_executor.executor.parallel:loop closed
[58.016s] DEBUG:colcon.colcon_parallel_executor.executor.parallel:run_until_complete finished with '2'
[58.016s] DEBUG:colcon.colcon_core.event_reactor:joining thread
[58.028s] INFO:colcon.colcon_core.plugin_system:Skipping extension 'colcon_notification.desktop_notification.terminal_notifier': Not used on non-Darwin systems
[58.028s] INFO:colcon.colcon_core.plugin_system:Skipping extension 'colcon_notification.desktop_notification.win32': Not used on non-Windows systems
[58.028s] INFO:colcon.colcon_notification.desktop_notification:Sending desktop notification using 'notify2'
[58.042s] DEBUG:colcon.colcon_core.event_reactor:joined thread
[58.043s] INFO:colcon.colcon_core.shell:Creating prefix script '/home/raianlaptop/cv5551-s26-team-dcml/install/local_setup.ps1'
[58.045s] INFO:colcon.colcon_core.shell:Creating prefix util module '/home/raianlaptop/cv5551-s26-team-dcml/install/_local_setup_util_ps1.py'
[58.046s] INFO:colcon.colcon_core.shell:Creating prefix chain script '/home/raianlaptop/cv5551-s26-team-dcml/install/setup.ps1'
[58.047s] INFO:colcon.colcon_core.shell:Creating prefix script '/home/raianlaptop/cv5551-s26-team-dcml/install/local_setup.sh'
[58.048s] INFO:colcon.colcon_core.shell:Creating prefix util module '/home/raianlaptop/cv5551-s26-team-dcml/install/_local_setup_util_sh.py'
[58.048s] INFO:colcon.colcon_core.shell:Creating prefix chain script '/home/raianlaptop/cv5551-s26-team-dcml/install/setup.sh'
[58.049s] INFO:colcon.colcon_core.shell:Creating prefix script '/home/raianlaptop/cv5551-s26-team-dcml/install/local_setup.bash'
[58.049s] INFO:colcon.colcon_core.shell:Creating prefix chain script '/home/raianlaptop/cv5551-s26-team-dcml/install/setup.bash'
[58.050s] INFO:colcon.colcon_core.shell:Creating prefix script '/home/raianlaptop/cv5551-s26-team-dcml/install/local_setup.zsh'
[58.051s] INFO:colcon.colcon_core.shell:Creating prefix chain script '/home/raianlaptop/cv5551-s26-team-dcml/install/setup.zsh'
