[0.009s] Invoking command in '/home/raianlaptop/cv5551-s26-team-dcml/build/lite6_cube_stacker': CMAKE_PREFIX_PATH=/opt/ros/humble /usr/bin/cmake /home/raianlaptop/cv5551-s26-team-dcml/src/lite6_cube_stacker -DAMENT_CMAKE_SYMLINK_INSTALL=1 -DCMAKE_INSTALL_PREFIX=/home/raianlaptop/cv5551-s26-team-dcml/install/lite6_cube_stacker
[0.041s] -- Found ament_cmake: 1.3.13 (/opt/ros/humble/share/ament_cmake/cmake)
[0.147s] -- Override CMake install command with custom implementation using symlinks instead of copying resources
[0.157s] -- Found rclpy: 3.3.20 (/opt/ros/humble/share/rclpy/cmake)
[0.209s] -- Found ament_lint_auto: 0.12.15 (/opt/ros/humble/share/ament_lint_auto/cmake)
[0.266s] -- Added test 'copyright' to check source files copyright and LICENSE
[0.267s] -- Added test 'flake8' to check Python code syntax and style conventions
[0.268s] -- Added test 'lint_cmake' to check CMake code style
[0.268s] -- Added test 'pep257' to check Python code against some of the docstring style conventions in PEP 257
[0.269s] -- Added test 'xmllint' to check XML markup files
[0.270s] -- Configuring done
[0.274s] -- Generating done
[0.275s] -- Build files have been written to: /home/raianlaptop/cv5551-s26-team-dcml/build/lite6_cube_stacker
[0.277s] Invoked command in '/home/raianlaptop/cv5551-s26-team-dcml/build/lite6_cube_stacker' returned '0': CMAKE_PREFIX_PATH=/opt/ros/humble /usr/bin/cmake /home/raianlaptop/cv5551-s26-team-dcml/src/lite6_cube_stacker -DAMENT_CMAKE_SYMLINK_INSTALL=1 -DCMAKE_INSTALL_PREFIX=/home/raianlaptop/cv5551-s26-team-dcml/install/lite6_cube_stacker
[0.279s] Invoking command in '/home/raianlaptop/cv5551-s26-team-dcml/build/lite6_cube_stacker': CMAKE_PREFIX_PATH=/opt/ros/humble /usr/bin/cmake --build /home/raianlaptop/cv5551-s26-team-dcml/build/lite6_cube_stacker -- -j16 -l16
[0.334s] Built target ament_cmake_python_symlink_lite6_cube_stacker
[0.507s] running egg_info
[0.516s] writing lite6_cube_stacker.egg-info/PKG-INFO
[0.517s] writing dependency_links to lite6_cube_stacker.egg-info/dependency_links.txt
[0.517s] writing top-level names to lite6_cube_stacker.egg-info/top_level.txt
[0.550s] reading manifest file 'lite6_cube_stacker.egg-info/SOURCES.txt'
[0.551s] writing manifest file 'lite6_cube_stacker.egg-info/SOURCES.txt'
[0.573s] Built target ament_cmake_python_build_lite6_cube_stacker_egg
[0.581s] Invoked command in '/home/raianlaptop/cv5551-s26-team-dcml/build/lite6_cube_stacker' returned '0': CMAKE_PREFIX_PATH=/opt/ros/humble /usr/bin/cmake --build /home/raianlaptop/cv5551-s26-team-dcml/build/lite6_cube_stacker -- -j16 -l16
[0.594s] Invoking command in '/home/raianlaptop/cv5551-s26-team-dcml/build/lite6_cube_stacker': CMAKE_PREFIX_PATH=/opt/ros/humble /usr/bin/cmake --install /home/raianlaptop/cv5551-s26-team-dcml/build/lite6_cube_stacker
[0.602s] -- Install configuration: "RELEASE"
[0.602s] -- Execute custom install script
[0.602s] -- Up-to-date symlink: /home/raianlaptop/cv5551-s26-team-dcml/install/lite6_cube_stacker/share/lite6_cube_stacker/environment/pythonpath.sh
[0.603s] -- Up-to-date symlink: /home/raianlaptop/cv5551-s26-team-dcml/install/lite6_cube_stacker/share/lite6_cube_stacker/environment/pythonpath.dsv
[0.603s] -- Up-to-date symlink: /home/raianlaptop/cv5551-s26-team-dcml/install/lite6_cube_stacker/local/lib/python3.10/dist-packages/lite6_cube_stacker-1.0.0-py3.10.egg-info/PKG-INFO
[0.603s] -- Up-to-date symlink: /home/raianlaptop/cv5551-s26-team-dcml/install/lite6_cube_stacker/local/lib/python3.10/dist-packages/lite6_cube_stacker-1.0.0-py3.10.egg-info/SOURCES.txt
[0.603s] -- Up-to-date symlink: /home/raianlaptop/cv5551-s26-team-dcml/install/lite6_cube_stacker/local/lib/python3.10/dist-packages/lite6_cube_stacker-1.0.0-py3.10.egg-info/dependency_links.txt
[0.603s] -- Up-to-date symlink: /home/raianlaptop/cv5551-s26-team-dcml/install/lite6_cube_stacker/local/lib/python3.10/dist-packages/lite6_cube_stacker-1.0.0-py3.10.egg-info/top_level.txt
[0.604s] -- Up-to-date symlink: /home/raianlaptop/cv5551-s26-team-dcml/install/lite6_cube_stacker/local/lib/python3.10/dist-packages/lite6_cube_stacker/__init__.py
[0.604s] -- Up-to-date symlink: /home/raianlaptop/cv5551-s26-team-dcml/install/lite6_cube_stacker/local/lib/python3.10/dist-packages/lite6_cube_stacker/aruco_detector.py
[0.604s] -- Up-to-date symlink: /home/raianlaptop/cv5551-s26-team-dcml/install/lite6_cube_stacker/local/lib/python3.10/dist-packages/lite6_cube_stacker/camera_robot_calibration.py
[0.604s] -- Up-to-date symlink: /home/raianlaptop/cv5551-s26-team-dcml/install/lite6_cube_stacker/local/lib/python3.10/dist-packages/lite6_cube_stacker/cube_stacker.py
[0.604s] -- Up-to-date symlink: /home/raianlaptop/cv5551-s26-team-dcml/install/lite6_cube_stacker/lib/lite6_cube_stacker/aruco_detector.py
[0.605s] -- Up-to-date symlink: /home/raianlaptop/cv5551-s26-team-dcml/install/lite6_cube_stacker/lib/lite6_cube_stacker/cube_stacker.py
[0.605s] -- Up-to-date symlink: /home/raianlaptop/cv5551-s26-team-dcml/install/lite6_cube_stacker/lib/lite6_cube_stacker/camera_robot_calibration.py
[0.605s] -- Up-to-date symlink: /home/raianlaptop/cv5551-s26-team-dcml/install/lite6_cube_stacker/share/lite6_cube_stacker/launch/cube_stacker.launch.py
[0.605s] -- Up-to-date symlink: /home/raianlaptop/cv5551-s26-team-dcml/install/lite6_cube_stacker/share/ament_index/resource_index/package_run_dependencies/lite6_cube_stacker
[0.605s] -- Up-to-date symlink: /home/raianlaptop/cv5551-s26-team-dcml/install/lite6_cube_stacker/share/ament_index/resource_index/parent_prefix_path/lite6_cube_stacker
[0.606s] -- Up-to-date symlink: /home/raianlaptop/cv5551-s26-team-dcml/install/lite6_cube_stacker/share/lite6_cube_stacker/environment/ament_prefix_path.sh
[0.606s] -- Up-to-date symlink: /home/raianlaptop/cv5551-s26-team-dcml/install/lite6_cube_stacker/share/lite6_cube_stacker/environment/ament_prefix_path.dsv
[0.606s] -- Up-to-date symlink: /home/raianlaptop/cv5551-s26-team-dcml/install/lite6_cube_stacker/share/lite6_cube_stacker/environment/path.sh
[0.606s] -- Up-to-date symlink: /home/raianlaptop/cv5551-s26-team-dcml/install/lite6_cube_stacker/share/lite6_cube_stacker/environment/path.dsv
[0.606s] -- Up-to-date symlink: /home/raianlaptop/cv5551-s26-team-dcml/install/lite6_cube_stacker/share/lite6_cube_stacker/local_setup.bash
[0.606s] -- Up-to-date symlink: /home/raianlaptop/cv5551-s26-team-dcml/install/lite6_cube_stacker/share/lite6_cube_stacker/local_setup.sh
[0.606s] -- Up-to-date symlink: /home/raianlaptop/cv5551-s26-team-dcml/install/lite6_cube_stacker/share/lite6_cube_stacker/local_setup.zsh
[0.606s] -- Up-to-date symlink: /home/raianlaptop/cv5551-s26-team-dcml/install/lite6_cube_stacker/share/lite6_cube_stacker/local_setup.dsv
[0.607s] -- Symlinking: /home/raianlaptop/cv5551-s26-team-dcml/install/lite6_cube_stacker/share/lite6_cube_stacker/package.dsv
[0.613s] -- Up-to-date symlink: /home/raianlaptop/cv5551-s26-team-dcml/install/lite6_cube_stacker/share/ament_index/resource_index/packages/lite6_cube_stacker
[0.613s] -- Up-to-date symlink: /home/raianlaptop/cv5551-s26-team-dcml/install/lite6_cube_stacker/share/lite6_cube_stacker/cmake/lite6_cube_stackerConfig.cmake
[0.614s] -- Up-to-date symlink: /home/raianlaptop/cv5551-s26-team-dcml/install/lite6_cube_stacker/share/lite6_cube_stacker/cmake/lite6_cube_stackerConfig-version.cmake
[0.614s] -- Up-to-date symlink: /home/raianlaptop/cv5551-s26-team-dcml/install/lite6_cube_stacker/share/lite6_cube_stacker/package.xml
[0.645s] Listing '/home/raianlaptop/cv5551-s26-team-dcml/install/lite6_cube_stacker/local/lib/python3.10/dist-packages/lite6_cube_stacker'...
[0.645s] Compiling '/home/raianlaptop/cv5551-s26-team-dcml/install/lite6_cube_stacker/local/lib/python3.10/dist-packages/lite6_cube_stacker/aruco_detector.py'...
[0.645s] Compiling '/home/raianlaptop/cv5551-s26-team-dcml/install/lite6_cube_stacker/local/lib/python3.10/dist-packages/lite6_cube_stacker/camera_robot_calibration.py'...
[0.645s] Compiling '/home/raianlaptop/cv5551-s26-team-dcml/install/lite6_cube_stacker/local/lib/python3.10/dist-packages/lite6_cube_stacker/cube_stacker.py'...
[0.649s] -- Installing: /home/raianlaptop/cv5551-s26-team-dcml/install/lite6_cube_stacker/lib/lite6_cube_stacker/aruco_detector
[0.649s] -- Installing: /home/raianlaptop/cv5551-s26-team-dcml/install/lite6_cube_stacker/lib/lite6_cube_stacker/cube_stacker
[0.649s] -- Installing: /home/raianlaptop/cv5551-s26-team-dcml/install/lite6_cube_stacker/lib/lite6_cube_stacker/camera_robot_calibration
[0.651s] Invoked command in '/home/raianlaptop/cv5551-s26-team-dcml/build/lite6_cube_stacker' returned '0': CMAKE_PREFIX_PATH=/opt/ros/humble /usr/bin/cmake --install /home/raianlaptop/cv5551-s26-team-dcml/build/lite6_cube_stacker
